2026-02-24 21:18:19,453 - __main__ - INFO - Запуск Client Bot...
2026-02-24 21:18:19,454 - __main__ - INFO - База даних ініціалізована
2026-02-24 21:18:19,590 - httpx - INFO - HTTP Request: POST https://api.telegram.org/bot8594681397:AAE7Y2OsQI8DOAK44Subfw8NwAf0ITgtqY0/getMe "HTTP/1.1 200 OK"
2026-02-24 21:18:19,621 - httpx - INFO - HTTP Request: POST https://api.telegram.org/bot8594681397:AAE7Y2OsQI8DOAK44Subfw8NwAf0ITgtqY0/deleteWebhook "HTTP/1.1 200 OK"
2026-02-24 21:18:19,623 - telegram.ext.Application - INFO - Application started
2026-02-24 21:18:29,844 - httpx - INFO - HTTP Request: POST https://api.telegram.org/bot8594681397:AAE7Y2OsQI8DOAK44Subfw8NwAf0ITgtqY0/getUpdates "HTTP/1.1 200 OK"
2026-02-24 21:18:39,883 - httpx - INFO - HTTP Request: POST https://api.telegram.org/bot8594681397:AAE7Y2OsQI8DOAK44Subfw8NwAf0ITgtqY0/getUpdates "HTTP/1.1 200 OK"
2026-02-24 21:18:50,017 - httpx - INFO - HTTP Request: POST https://api.telegram.org/bot8594681397:AAE7Y2OsQI8DOAK44Subfw8NwAf0ITgtqY0/getUpdates "HTTP/1.1 200 OK"
2026-02-24 21:19:00,115 - httpx - INFO - HTTP Request: POST https://api.telegram.org/bot8594681397:AAE7Y2OsQI8DOAK44Subfw8NwAf0ITgtqY0/getUpdates "HTTP/1.1 200 OK"
2026-02-24 21:19:10,145 - httpx - INFO - HTTP Request: POST https://api.telegram.org/bot8594681397:AAE7Y2OsQI8DOAK44Subfw8NwAf0ITgtqY0/getUpdates "HTTP/1.1 200 OK"
2026-02-24 21:19:20,226 - httpx - INFO - HTTP Request: POST https://api.telegram.org/bot8594681397:AAE7Y2OsQI8DOAK44Subfw8NwAf0ITgtqY0/getUpdates "HTTP/1.1 200 OK"
2026-02-24 21:19:30,363 - httpx - INFO - HTTP Request: POST https://api.telegram.org/bot8594681397:AAE7Y2OsQI8DOAK44Subfw8NwAf0ITgtqY0/getUpdates "HTTP/1.1 200 OK"
2026-02-24 21:19:40,482 - httpx - INFO - HTTP Request: POST https://api.telegram.org/bot8594681397:AAE7Y2OsQI8DOAK44Subfw8NwAf0ITgtqY0/getUpdates "HTTP/1.1 200 OK"
2026-02-24 21:19:50,515 - httpx - INFO - HTTP Request: POST https://api.telegram.org/bot8594681397:AAE7Y2OsQI8DOAK44Subfw8NwAf0ITgtqY0/getUpdates "HTTP/1.1 200 OK"
2026-02-24 21:20:00,570 - httpx - INFO - HTTP Request: POST https://api.telegram.org/bot8594681397:AAE7Y2OsQI8DOAK44Subfw8NwAf0ITgtqY0/getUpdates "HTTP/1.1 200 OK"
2026-02-24 21:20:10,708 - httpx - INFO - HTTP Request: POST https://api.telegram.org/bot8594681397:AAE7Y2OsQI8DOAK44Subfw8NwAf0ITgtqY0/getUpdates "HTTP/1.1 200 OK"
2026-02-24 21:20:20,746 - httpx - INFO - HTTP Request: POST https://api.telegram.org/bot8594681397:AAE7Y2OsQI8DOAK44Subfw8NwAf0ITgtqY0/getUpdates "HTTP/1.1 200 OK"
2026-02-24 21:20:30,882 - httpx - INFO - HTTP Request: POST https://api.telegram.org/bot8594681397:AAE7Y2OsQI8DOAK44Subfw8NwAf0ITgtqY0/getUpdates "HTTP/1.1 200 OK"
2026-02-24 21:20:40,936 - httpx - INFO - HTTP Request: POST https://api.telegram.org/bot8594681397:AAE7Y2OsQI8DOAK44Subfw8NwAf0ITgtqY0/getUpdates "HTTP/1.1 200 OK"
2026-02-24 21:20:51,055 - httpx - INFO - HTTP Request: POST https://api.telegram.org/bot8594681397:AAE7Y2OsQI8DOAK44Subfw8NwAf0ITgtqY0/getUpdates "HTTP/1.1 200 OK"
2026-02-24 21:21:01,092 - httpx - INFO - HTTP Request: POST https://api.telegram.org/bot8594681397:AAE7Y2OsQI8DOAK44Subfw8NwAf0ITgtqY0/getUpdates "HTTP/1.1 200 OK"
2026-02-24 21:21:11,186 - httpx - INFO - HTTP Request: POST https://api.telegram.org/bot8594681397:AAE7Y2OsQI8DOAK44Subfw8NwAf0ITgtqY0/getUpdates "HTTP/1.1 200 OK"
2026-02-24 21:21:21,225 - httpx - INFO - HTTP Request: POST https://api.telegram.org/bot8594681397:AAE7Y2OsQI8DOAK44Subfw8NwAf0ITgtqY0/getUpdates "HTTP/1.1 200 OK"
2026-02-24 21:21:31,261 - httpx - INFO - HTTP Request: POST https://api.telegram.org/bot8594681397:AAE7Y2OsQI8DOAK44Subfw8NwAf0ITgtqY0/getUpdates "HTTP/1.1 200 OK"
2026-02-24 21:21:41,300 - httpx - INFO - HTTP Request: POST https://api.telegram.org/bot8594681397:AAE7Y2OsQI8DOAK44Subfw8NwAf0ITgtqY0/getUpdates "HTTP/1.1 200 OK"
2026-02-24 21:21:51,367 - httpx - INFO - HTTP Request: POST https://api.telegram.org/bot8594681397:AAE7Y2OsQI8DOAK44Subfw8NwAf0ITgtqY0/getUpdates "HTTP/1.1 200 OK"
2026-02-24 21:22:01,609 - httpx - INFO - HTTP Request: POST https://api.telegram.org/bot8594681397:AAE7Y2OsQI8DOAK44Subfw8NwAf0ITgtqY0/getUpdates "HTTP/1.1 200 OK"
2026-02-24 21:22:11,746 - httpx - INFO - HTTP Request: POST https://api.telegram.org/bot8594681397:AAE7Y2OsQI8DOAK44Subfw8NwAf0ITgtqY0/getUpdates "HTTP/1.1 200 OK"
2026-02-24 21:22:21,781 - httpx - INFO - HTTP Request: POST https://api.telegram.org/bot8594681397:AAE7Y2OsQI8DOAK44Subfw8NwAf0ITgtqY0/getUpdates "HTTP/1.1 200 OK"
2026-02-24 21:22:31,817 - httpx - INFO - HTTP Request: POST https://api.telegram.org/bot8594681397:AAE7Y2OsQI8DOAK44Subfw8NwAf0ITgtqY0/getUpdates "HTTP/1.1 200 OK"
2026-02-24 21:22:41,888 - httpx - INFO - HTTP Request: POST https://api.telegram.org/bot8594681397:AAE7Y2OsQI8DOAK44Subfw8NwAf0ITgtqY0/getUpdates "HTTP/1.1 200 OK"
2026-02-24 21:22:51,928 - httpx - INFO - HTTP Request: POST https://api.telegram.org/bot8594681397:AAE7Y2OsQI8DOAK44Subfw8NwAf0ITgtqY0/getUpdates "HTTP/1.1 200 OK"
2026-02-24 21:23:01,965 - httpx - INFO - HTTP Request: POST https://api.telegram.org/bot8594681397:AAE7Y2OsQI8DOAK44Subfw8NwAf0ITgtqY0/getUpdates "HTTP/1.1 200 OK"
2026-02-24 21:23:12,060 - httpx - INFO - HTTP Request: POST https://api.telegram.org/bot8594681397:AAE7Y2OsQI8DOAK44Subfw8NwAf0ITgtqY0/getUpdates "HTTP/1.1 200 OK"
2026-02-24 21:23:22,300 - httpx - INFO - HTTP Request: POST https://api.telegram.org/bot8594681397:AAE7Y2OsQI8DOAK44Subfw8NwAf0ITgtqY0/getUpdates "HTTP/1.1 200 OK"
2026-02-24 21:23:32,438 - httpx - INFO - HTTP Request: POST https://api.telegram.org/bot8594681397:AAE7Y2OsQI8DOAK44Subfw8NwAf0ITgtqY0/getUpdates "HTTP/1.1 200 OK"
2026-02-24 21:23:42,575 - httpx - INFO - HTTP Request: POST https://api.telegram.org/bot8594681397:AAE7Y2OsQI8DOAK44Subfw8NwAf0ITgtqY0/getUpdates "HTTP/1.1 200 OK"
2026-02-24 21:23:52,713 - httpx - INFO - HTTP Request: POST https://api.telegram.org/bot8594681397:AAE7Y2OsQI8DOAK44Subfw8NwAf0ITgtqY0/getUpdates "HTTP/1.1 200 OK"
2026-02-24 21:24:02,752 - httpx - INFO - HTTP Request: POST https://api.telegram.org/bot8594681397:AAE7Y2OsQI8DOAK44Subfw8NwAf0ITgtqY0/getUpdates "HTTP/1.1 200 OK"
2026-02-24 21:24:12,786 - httpx - INFO - HTTP Request: POST https://api.telegram.org/bot8594681397:AAE7Y2OsQI8DOAK44Subfw8NwAf0ITgtqY0/getUpdates "HTTP/1.1 200 OK"
2026-02-24 21:24:22,822 - httpx - INFO - HTTP Request: POST https://api.telegram.org/bot8594681397:AAE7Y2OsQI8DOAK44Subfw8NwAf0ITgtqY0/getUpdates "HTTP/1.1 200 OK"
2026-02-24 21:24:32,855 - httpx - INFO - HTTP Request: POST https://api.telegram.org/bot8594681397:AAE7Y2OsQI8DOAK44Subfw8NwAf0ITgtqY0/getUpdates "HTTP/1.1 200 OK"
