/Users/alex/Library/Python/3.9/lib/python/site-packages/urllib3/__init__.py:35: NotOpenSSLWarning: urllib3 v2 only supports OpenSSL 1.1.1+, currently the 'ssl' module is compiled with 'LibreSSL 2.8.3'. See: https://github.com/urllib3/urllib3/issues/3020
  warnings.warn(
2026-03-06 00:16:56,786 - __main__ - INFO - Core Bot: Запуск...
2026-03-06 00:16:56,787 - __main__ - INFO - Core Bot: База даних ініціалізована
2026-03-06 00:16:56,791 - __main__ - INFO - Core Bot: Polling запущено
2026-03-06 00:16:56,909 - httpx - INFO - HTTP Request: POST https://api.telegram.org/bot8204341583:AAFSPkKDrB6pbllz7CTKbRp7EVA9NbgfDJY/getMe "HTTP/1.1 200 OK"
2026-03-06 00:16:56,938 - httpx - INFO - HTTP Request: POST https://api.telegram.org/bot8204341583:AAFSPkKDrB6pbllz7CTKbRp7EVA9NbgfDJY/deleteWebhook "HTTP/1.1 200 OK"
2026-03-06 00:16:56,940 - telegram.ext.Application - INFO - Application started
2026-03-06 00:17:07,155 - httpx - INFO - HTTP Request: POST https://api.telegram.org/bot8204341583:AAFSPkKDrB6pbllz7CTKbRp7EVA9NbgfDJY/getUpdates "HTTP/1.1 200 OK"
2026-03-06 00:17:17,195 - httpx - INFO - HTTP Request: POST https://api.telegram.org/bot8204341583:AAFSPkKDrB6pbllz7CTKbRp7EVA9NbgfDJY/getUpdates "HTTP/1.1 200 OK"
2026-03-06 00:17:27,337 - httpx - INFO - HTTP Request: POST https://api.telegram.org/bot8204341583:AAFSPkKDrB6pbllz7CTKbRp7EVA9NbgfDJY/getUpdates "HTTP/1.1 200 OK"
2026-03-06 00:17:37,580 - httpx - INFO - HTTP Request: POST https://api.telegram.org/bot8204341583:AAFSPkKDrB6pbllz7CTKbRp7EVA9NbgfDJY/getUpdates "HTTP/1.1 200 OK"
2026-03-06 00:17:47,715 - httpx - INFO - HTTP Request: POST https://api.telegram.org/bot8204341583:AAFSPkKDrB6pbllz7CTKbRp7EVA9NbgfDJY/getUpdates "HTTP/1.1 200 OK"
2026-03-06 00:17:57,955 - httpx - INFO - HTTP Request: POST https://api.telegram.org/bot8204341583:AAFSPkKDrB6pbllz7CTKbRp7EVA9NbgfDJY/getUpdates "HTTP/1.1 200 OK"
2026-03-06 00:18:08,092 - httpx - INFO - HTTP Request: POST https://api.telegram.org/bot8204341583:AAFSPkKDrB6pbllz7CTKbRp7EVA9NbgfDJY/getUpdates "HTTP/1.1 200 OK"
2026-03-06 00:18:18,230 - httpx - INFO - HTTP Request: POST https://api.telegram.org/bot8204341583:AAFSPkKDrB6pbllz7CTKbRp7EVA9NbgfDJY/getUpdates "HTTP/1.1 200 OK"
2026-03-06 00:18:28,368 - httpx - INFO - HTTP Request: POST https://api.telegram.org/bot8204341583:AAFSPkKDrB6pbllz7CTKbRp7EVA9NbgfDJY/getUpdates "HTTP/1.1 200 OK"
2026-03-06 00:18:38,506 - httpx - INFO - HTTP Request: POST https://api.telegram.org/bot8204341583:AAFSPkKDrB6pbllz7CTKbRp7EVA9NbgfDJY/getUpdates "HTTP/1.1 200 OK"
2026-03-06 00:18:48,642 - httpx - INFO - HTTP Request: POST https://api.telegram.org/bot8204341583:AAFSPkKDrB6pbllz7CTKbRp7EVA9NbgfDJY/getUpdates "HTTP/1.1 200 OK"
2026-03-06 00:18:58,781 - httpx - INFO - HTTP Request: POST https://api.telegram.org/bot8204341583:AAFSPkKDrB6pbllz7CTKbRp7EVA9NbgfDJY/getUpdates "HTTP/1.1 200 OK"
2026-03-06 00:19:08,823 - httpx - INFO - HTTP Request: POST https://api.telegram.org/bot8204341583:AAFSPkKDrB6pbllz7CTKbRp7EVA9NbgfDJY/getUpdates "HTTP/1.1 200 OK"
2026-03-06 00:19:18,954 - httpx - INFO - HTTP Request: POST https://api.telegram.org/bot8204341583:AAFSPkKDrB6pbllz7CTKbRp7EVA9NbgfDJY/getUpdates "HTTP/1.1 200 OK"
2026-03-06 00:19:29,194 - httpx - INFO - HTTP Request: POST https://api.telegram.org/bot8204341583:AAFSPkKDrB6pbllz7CTKbRp7EVA9NbgfDJY/getUpdates "HTTP/1.1 200 OK"
2026-03-06 00:19:39,332 - httpx - INFO - HTTP Request: POST https://api.telegram.org/bot8204341583:AAFSPkKDrB6pbllz7CTKbRp7EVA9NbgfDJY/getUpdates "HTTP/1.1 200 OK"
2026-03-06 00:19:49,470 - httpx - INFO - HTTP Request: POST https://api.telegram.org/bot8204341583:AAFSPkKDrB6pbllz7CTKbRp7EVA9NbgfDJY/getUpdates "HTTP/1.1 200 OK"
2026-03-06 00:19:59,607 - httpx - INFO - HTTP Request: POST https://api.telegram.org/bot8204341583:AAFSPkKDrB6pbllz7CTKbRp7EVA9NbgfDJY/getUpdates "HTTP/1.1 200 OK"
2026-03-06 00:20:09,744 - httpx - INFO - HTTP Request: POST https://api.telegram.org/bot8204341583:AAFSPkKDrB6pbllz7CTKbRp7EVA9NbgfDJY/getUpdates "HTTP/1.1 200 OK"
2026-03-06 00:20:19,881 - httpx - INFO - HTTP Request: POST https://api.telegram.org/bot8204341583:AAFSPkKDrB6pbllz7CTKbRp7EVA9NbgfDJY/getUpdates "HTTP/1.1 200 OK"
2026-03-06 00:20:30,019 - httpx - INFO - HTTP Request: POST https://api.telegram.org/bot8204341583:AAFSPkKDrB6pbllz7CTKbRp7EVA9NbgfDJY/getUpdates "HTTP/1.1 200 OK"
2026-03-06 00:20:40,056 - httpx - INFO - HTTP Request: POST https://api.telegram.org/bot8204341583:AAFSPkKDrB6pbllz7CTKbRp7EVA9NbgfDJY/getUpdates "HTTP/1.1 200 OK"
2026-03-06 00:20:50,192 - httpx - INFO - HTTP Request: POST https://api.telegram.org/bot8204341583:AAFSPkKDrB6pbllz7CTKbRp7EVA9NbgfDJY/getUpdates "HTTP/1.1 200 OK"
2026-03-06 00:21:00,386 - httpx - INFO - HTTP Request: POST https://api.telegram.org/bot8204341583:AAFSPkKDrB6pbllz7CTKbRp7EVA9NbgfDJY/getUpdates "HTTP/1.1 200 OK"
2026-03-06 00:21:10,467 - httpx - INFO - HTTP Request: POST https://api.telegram.org/bot8204341583:AAFSPkKDrB6pbllz7CTKbRp7EVA9NbgfDJY/getUpdates "HTTP/1.1 200 OK"
2026-03-06 00:21:20,507 - httpx - INFO - HTTP Request: POST https://api.telegram.org/bot8204341583:AAFSPkKDrB6pbllz7CTKbRp7EVA9NbgfDJY/getUpdates "HTTP/1.1 200 OK"
2026-03-06 00:21:30,640 - httpx - INFO - HTTP Request: POST https://api.telegram.org/bot8204341583:AAFSPkKDrB6pbllz7CTKbRp7EVA9NbgfDJY/getUpdates "HTTP/1.1 200 OK"
2026-03-06 00:21:40,757 - httpx - INFO - HTTP Request: POST https://api.telegram.org/bot8204341583:AAFSPkKDrB6pbllz7CTKbRp7EVA9NbgfDJY/getUpdates "HTTP/1.1 200 OK"
2026-03-06 00:21:50,814 - httpx - INFO - HTTP Request: POST https://api.telegram.org/bot8204341583:AAFSPkKDrB6pbllz7CTKbRp7EVA9NbgfDJY/getUpdates "HTTP/1.1 200 OK"
2026-03-06 00:22:00,862 - httpx - INFO - HTTP Request: POST https://api.telegram.org/bot8204341583:AAFSPkKDrB6pbllz7CTKbRp7EVA9NbgfDJY/getUpdates "HTTP/1.1 200 OK"
2026-03-06 00:22:10,904 - httpx - INFO - HTTP Request: POST https://api.telegram.org/bot8204341583:AAFSPkKDrB6pbllz7CTKbRp7EVA9NbgfDJY/getUpdates "HTTP/1.1 200 OK"
2026-03-06 00:22:21,022 - httpx - INFO - HTTP Request: POST https://api.telegram.org/bot8204341583:AAFSPkKDrB6pbllz7CTKbRp7EVA9NbgfDJY/getUpdates "HTTP/1.1 200 OK"
2026-03-06 00:22:31,087 - httpx - INFO - HTTP Request: POST https://api.telegram.org/bot8204341583:AAFSPkKDrB6pbllz7CTKbRp7EVA9NbgfDJY/getUpdates "HTTP/1.1 200 OK"
2026-03-06 00:22:41,141 - httpx - INFO - HTTP Request: POST https://api.telegram.org/bot8204341583:AAFSPkKDrB6pbllz7CTKbRp7EVA9NbgfDJY/getUpdates "HTTP/1.1 200 OK"
2026-03-06 00:22:51,231 - httpx - INFO - HTTP Request: POST https://api.telegram.org/bot8204341583:AAFSPkKDrB6pbllz7CTKbRp7EVA9NbgfDJY/getUpdates "HTTP/1.1 200 OK"
2026-03-06 00:23:01,274 - httpx - INFO - HTTP Request: POST https://api.telegram.org/bot8204341583:AAFSPkKDrB6pbllz7CTKbRp7EVA9NbgfDJY/getUpdates "HTTP/1.1 200 OK"
2026-03-06 00:23:11,505 - httpx - INFO - HTTP Request: POST https://api.telegram.org/bot8204341583:AAFSPkKDrB6pbllz7CTKbRp7EVA9NbgfDJY/getUpdates "HTTP/1.1 200 OK"
2026-03-06 00:23:21,544 - httpx - INFO - HTTP Request: POST https://api.telegram.org/bot8204341583:AAFSPkKDrB6pbllz7CTKbRp7EVA9NbgfDJY/getUpdates "HTTP/1.1 200 OK"
2026-03-06 00:23:31,592 - httpx - INFO - HTTP Request: POST https://api.telegram.org/bot8204341583:AAFSPkKDrB6pbllz7CTKbRp7EVA9NbgfDJY/getUpdates "HTTP/1.1 200 OK"
2026-03-06 00:23:41,713 - httpx - INFO - HTTP Request: POST https://api.telegram.org/bot8204341583:AAFSPkKDrB6pbllz7CTKbRp7EVA9NbgfDJY/getUpdates "HTTP/1.1 200 OK"
2026-03-06 00:23:51,851 - httpx - INFO - HTTP Request: POST https://api.telegram.org/bot8204341583:AAFSPkKDrB6pbllz7CTKbRp7EVA9NbgfDJY/getUpdates "HTTP/1.1 200 OK"
2026-03-06 00:24:01,899 - httpx - INFO - HTTP Request: POST https://api.telegram.org/bot8204341583:AAFSPkKDrB6pbllz7CTKbRp7EVA9NbgfDJY/getUpdates "HTTP/1.1 200 OK"
2026-03-06 00:24:12,024 - httpx - INFO - HTTP Request: POST https://api.telegram.org/bot8204341583:AAFSPkKDrB6pbllz7CTKbRp7EVA9NbgfDJY/getUpdates "HTTP/1.1 200 OK"
2026-03-06 00:24:22,065 - httpx - INFO - HTTP Request: POST https://api.telegram.org/bot8204341583:AAFSPkKDrB6pbllz7CTKbRp7EVA9NbgfDJY/getUpdates "HTTP/1.1 200 OK"
2026-03-06 00:24:32,115 - httpx - INFO - HTTP Request: POST https://api.telegram.org/bot8204341583:AAFSPkKDrB6pbllz7CTKbRp7EVA9NbgfDJY/getUpdates "HTTP/1.1 200 OK"
2026-03-06 00:24:42,334 - httpx - INFO - HTTP Request: POST https://api.telegram.org/bot8204341583:AAFSPkKDrB6pbllz7CTKbRp7EVA9NbgfDJY/getUpdates "HTTP/1.1 200 OK"
2026-03-06 00:24:52,371 - httpx - INFO - HTTP Request: POST https://api.telegram.org/bot8204341583:AAFSPkKDrB6pbllz7CTKbRp7EVA9NbgfDJY/getUpdates "HTTP/1.1 200 OK"
2026-03-06 00:25:02,508 - httpx - INFO - HTTP Request: POST https://api.telegram.org/bot8204341583:AAFSPkKDrB6pbllz7CTKbRp7EVA9NbgfDJY/getUpdates "HTTP/1.1 200 OK"
2026-03-06 00:25:12,645 - httpx - INFO - HTTP Request: POST https://api.telegram.org/bot8204341583:AAFSPkKDrB6pbllz7CTKbRp7EVA9NbgfDJY/getUpdates "HTTP/1.1 200 OK"
2026-03-06 00:25:22,783 - httpx - INFO - HTTP Request: POST https://api.telegram.org/bot8204341583:AAFSPkKDrB6pbllz7CTKbRp7EVA9NbgfDJY/getUpdates "HTTP/1.1 200 OK"
2026-03-06 00:25:32,920 - httpx - INFO - HTTP Request: POST https://api.telegram.org/bot8204341583:AAFSPkKDrB6pbllz7CTKbRp7EVA9NbgfDJY/getUpdates "HTTP/1.1 200 OK"
2026-03-06 00:25:43,058 - httpx - INFO - HTTP Request: POST https://api.telegram.org/bot8204341583:AAFSPkKDrB6pbllz7CTKbRp7EVA9NbgfDJY/getUpdates "HTTP/1.1 200 OK"
2026-03-06 00:25:53,196 - httpx - INFO - HTTP Request: POST https://api.telegram.org/bot8204341583:AAFSPkKDrB6pbllz7CTKbRp7EVA9NbgfDJY/getUpdates "HTTP/1.1 200 OK"
2026-03-06 00:26:03,238 - httpx - INFO - HTTP Request: POST https://api.telegram.org/bot8204341583:AAFSPkKDrB6pbllz7CTKbRp7EVA9NbgfDJY/getUpdates "HTTP/1.1 200 OK"
2026-03-06 00:26:13,276 - httpx - INFO - HTTP Request: POST https://api.telegram.org/bot8204341583:AAFSPkKDrB6pbllz7CTKbRp7EVA9NbgfDJY/getUpdates "HTTP/1.1 200 OK"
2026-03-06 00:26:23,352 - httpx - INFO - HTTP Request: POST https://api.telegram.org/bot8204341583:AAFSPkKDrB6pbllz7CTKbRp7EVA9NbgfDJY/getUpdates "HTTP/1.1 200 OK"
2026-03-06 00:26:33,389 - httpx - INFO - HTTP Request: POST https://api.telegram.org/bot8204341583:AAFSPkKDrB6pbllz7CTKbRp7EVA9NbgfDJY/getUpdates "HTTP/1.1 200 OK"
2026-03-06 00:26:43,427 - httpx - INFO - HTTP Request: POST https://api.telegram.org/bot8204341583:AAFSPkKDrB6pbllz7CTKbRp7EVA9NbgfDJY/getUpdates "HTTP/1.1 200 OK"
2026-03-06 00:26:53,465 - httpx - INFO - HTTP Request: POST https://api.telegram.org/bot8204341583:AAFSPkKDrB6pbllz7CTKbRp7EVA9NbgfDJY/getUpdates "HTTP/1.1 200 OK"
2026-03-06 00:27:03,509 - httpx - INFO - HTTP Request: POST https://api.telegram.org/bot8204341583:AAFSPkKDrB6pbllz7CTKbRp7EVA9NbgfDJY/getUpdates "HTTP/1.1 200 OK"
2026-03-06 00:27:13,545 - httpx - INFO - HTTP Request: POST https://api.telegram.org/bot8204341583:AAFSPkKDrB6pbllz7CTKbRp7EVA9NbgfDJY/getUpdates "HTTP/1.1 200 OK"
2026-03-06 00:27:23,642 - httpx - INFO - HTTP Request: POST https://api.telegram.org/bot8204341583:AAFSPkKDrB6pbllz7CTKbRp7EVA9NbgfDJY/getUpdates "HTTP/1.1 200 OK"
2026-03-06 00:27:33,752 - httpx - INFO - HTTP Request: POST https://api.telegram.org/bot8204341583:AAFSPkKDrB6pbllz7CTKbRp7EVA9NbgfDJY/getUpdates "HTTP/1.1 200 OK"
2026-03-06 00:27:43,788 - httpx - INFO - HTTP Request: POST https://api.telegram.org/bot8204341583:AAFSPkKDrB6pbllz7CTKbRp7EVA9NbgfDJY/getUpdates "HTTP/1.1 200 OK"
2026-03-06 00:27:53,830 - httpx - INFO - HTTP Request: POST https://api.telegram.org/bot8204341583:AAFSPkKDrB6pbllz7CTKbRp7EVA9NbgfDJY/getUpdates "HTTP/1.1 200 OK"
2026-03-06 00:28:04,064 - httpx - INFO - HTTP Request: POST https://api.telegram.org/bot8204341583:AAFSPkKDrB6pbllz7CTKbRp7EVA9NbgfDJY/getUpdates "HTTP/1.1 200 OK"
2026-03-06 00:28:14,201 - httpx - INFO - HTTP Request: POST https://api.telegram.org/bot8204341583:AAFSPkKDrB6pbllz7CTKbRp7EVA9NbgfDJY/getUpdates "HTTP/1.1 200 OK"
2026-03-06 00:28:24,237 - httpx - INFO - HTTP Request: POST https://api.telegram.org/bot8204341583:AAFSPkKDrB6pbllz7CTKbRp7EVA9NbgfDJY/getUpdates "HTTP/1.1 200 OK"
2026-03-06 00:28:34,476 - httpx - INFO - HTTP Request: POST https://api.telegram.org/bot8204341583:AAFSPkKDrB6pbllz7CTKbRp7EVA9NbgfDJY/getUpdates "HTTP/1.1 200 OK"
2026-03-06 00:28:44,615 - httpx - INFO - HTTP Request: POST https://api.telegram.org/bot8204341583:AAFSPkKDrB6pbllz7CTKbRp7EVA9NbgfDJY/getUpdates "HTTP/1.1 200 OK"
2026-03-06 00:28:54,731 - httpx - INFO - HTTP Request: POST https://api.telegram.org/bot8204341583:AAFSPkKDrB6pbllz7CTKbRp7EVA9NbgfDJY/getUpdates "HTTP/1.1 200 OK"
2026-03-06 00:29:04,889 - httpx - INFO - HTTP Request: POST https://api.telegram.org/bot8204341583:AAFSPkKDrB6pbllz7CTKbRp7EVA9NbgfDJY/getUpdates "HTTP/1.1 200 OK"
2026-03-06 00:29:15,029 - httpx - INFO - HTTP Request: POST https://api.telegram.org/bot8204341583:AAFSPkKDrB6pbllz7CTKbRp7EVA9NbgfDJY/getUpdates "HTTP/1.1 200 OK"
2026-03-06 00:29:25,165 - httpx - INFO - HTTP Request: POST https://api.telegram.org/bot8204341583:AAFSPkKDrB6pbllz7CTKbRp7EVA9NbgfDJY/getUpdates "HTTP/1.1 200 OK"
2026-03-06 00:29:35,303 - httpx - INFO - HTTP Request: POST https://api.telegram.org/bot8204341583:AAFSPkKDrB6pbllz7CTKbRp7EVA9NbgfDJY/getUpdates "HTTP/1.1 200 OK"
2026-03-06 00:29:45,423 - httpx - INFO - HTTP Request: POST https://api.telegram.org/bot8204341583:AAFSPkKDrB6pbllz7CTKbRp7EVA9NbgfDJY/getUpdates "HTTP/1.1 200 OK"
2026-03-06 00:29:55,476 - httpx - INFO - HTTP Request: POST https://api.telegram.org/bot8204341583:AAFSPkKDrB6pbllz7CTKbRp7EVA9NbgfDJY/getUpdates "HTTP/1.1 200 OK"
2026-03-06 00:30:05,717 - httpx - INFO - HTTP Request: POST https://api.telegram.org/bot8204341583:AAFSPkKDrB6pbllz7CTKbRp7EVA9NbgfDJY/getUpdates "HTTP/1.1 200 OK"
2026-03-06 00:30:15,854 - httpx - INFO - HTTP Request: POST https://api.telegram.org/bot8204341583:AAFSPkKDrB6pbllz7CTKbRp7EVA9NbgfDJY/getUpdates "HTTP/1.1 200 OK"
2026-03-06 00:30:25,992 - httpx - INFO - HTTP Request: POST https://api.telegram.org/bot8204341583:AAFSPkKDrB6pbllz7CTKbRp7EVA9NbgfDJY/getUpdates "HTTP/1.1 200 OK"
2026-03-06 00:30:36,110 - httpx - INFO - HTTP Request: POST https://api.telegram.org/bot8204341583:AAFSPkKDrB6pbllz7CTKbRp7EVA9NbgfDJY/getUpdates "HTTP/1.1 200 OK"
2026-03-06 00:30:46,143 - httpx - INFO - HTTP Request: POST https://api.telegram.org/bot8204341583:AAFSPkKDrB6pbllz7CTKbRp7EVA9NbgfDJY/getUpdates "HTTP/1.1 200 OK"
2026-03-06 00:30:56,201 - httpx - INFO - HTTP Request: POST https://api.telegram.org/bot8204341583:AAFSPkKDrB6pbllz7CTKbRp7EVA9NbgfDJY/getUpdates "HTTP/1.1 200 OK"
2026-03-06 00:31:06,338 - httpx - INFO - HTTP Request: POST https://api.telegram.org/bot8204341583:AAFSPkKDrB6pbllz7CTKbRp7EVA9NbgfDJY/getUpdates "HTTP/1.1 200 OK"
2026-03-06 00:31:16,476 - httpx - INFO - HTTP Request: POST https://api.telegram.org/bot8204341583:AAFSPkKDrB6pbllz7CTKbRp7EVA9NbgfDJY/getUpdates "HTTP/1.1 200 OK"
2026-03-06 00:31:26,715 - httpx - INFO - HTTP Request: POST https://api.telegram.org/bot8204341583:AAFSPkKDrB6pbllz7CTKbRp7EVA9NbgfDJY/getUpdates "HTTP/1.1 200 OK"
2026-03-06 00:31:36,751 - httpx - INFO - HTTP Request: POST https://api.telegram.org/bot8204341583:AAFSPkKDrB6pbllz7CTKbRp7EVA9NbgfDJY/getUpdates "HTTP/1.1 200 OK"
2026-03-06 00:31:46,889 - httpx - INFO - HTTP Request: POST https://api.telegram.org/bot8204341583:AAFSPkKDrB6pbllz7CTKbRp7EVA9NbgfDJY/getUpdates "HTTP/1.1 200 OK"
2026-03-06 00:31:56,925 - httpx - INFO - HTTP Request: POST https://api.telegram.org/bot8204341583:AAFSPkKDrB6pbllz7CTKbRp7EVA9NbgfDJY/getUpdates "HTTP/1.1 200 OK"
2026-03-06 00:32:06,973 - httpx - INFO - HTTP Request: POST https://api.telegram.org/bot8204341583:AAFSPkKDrB6pbllz7CTKbRp7EVA9NbgfDJY/getUpdates "HTTP/1.1 200 OK"
2026-03-06 00:32:17,097 - httpx - INFO - HTTP Request: POST https://api.telegram.org/bot8204341583:AAFSPkKDrB6pbllz7CTKbRp7EVA9NbgfDJY/getUpdates "HTTP/1.1 200 OK"
2026-03-06 00:32:27,236 - httpx - INFO - HTTP Request: POST https://api.telegram.org/bot8204341583:AAFSPkKDrB6pbllz7CTKbRp7EVA9NbgfDJY/getUpdates "HTTP/1.1 200 OK"
2026-03-06 00:32:37,374 - httpx - INFO - HTTP Request: POST https://api.telegram.org/bot8204341583:AAFSPkKDrB6pbllz7CTKbRp7EVA9NbgfDJY/getUpdates "HTTP/1.1 200 OK"
2026-03-06 00:32:47,511 - httpx - INFO - HTTP Request: POST https://api.telegram.org/bot8204341583:AAFSPkKDrB6pbllz7CTKbRp7EVA9NbgfDJY/getUpdates "HTTP/1.1 200 OK"
2026-03-06 00:32:57,617 - httpx - INFO - HTTP Request: POST https://api.telegram.org/bot8204341583:AAFSPkKDrB6pbllz7CTKbRp7EVA9NbgfDJY/getUpdates "HTTP/1.1 200 OK"
2026-03-06 00:33:07,655 - httpx - INFO - HTTP Request: POST https://api.telegram.org/bot8204341583:AAFSPkKDrB6pbllz7CTKbRp7EVA9NbgfDJY/getUpdates "HTTP/1.1 200 OK"
2026-03-06 00:33:17,693 - httpx - INFO - HTTP Request: POST https://api.telegram.org/bot8204341583:AAFSPkKDrB6pbllz7CTKbRp7EVA9NbgfDJY/getUpdates "HTTP/1.1 200 OK"
2026-03-06 00:33:27,750 - httpx - INFO - HTTP Request: POST https://api.telegram.org/bot8204341583:AAFSPkKDrB6pbllz7CTKbRp7EVA9NbgfDJY/getUpdates "HTTP/1.1 200 OK"
2026-03-06 00:33:37,791 - httpx - INFO - HTTP Request: POST https://api.telegram.org/bot8204341583:AAFSPkKDrB6pbllz7CTKbRp7EVA9NbgfDJY/getUpdates "HTTP/1.1 200 OK"
2026-03-06 00:33:48,032 - httpx - INFO - HTTP Request: POST https://api.telegram.org/bot8204341583:AAFSPkKDrB6pbllz7CTKbRp7EVA9NbgfDJY/getUpdates "HTTP/1.1 200 OK"
2026-03-06 00:33:58,272 - httpx - INFO - HTTP Request: POST https://api.telegram.org/bot8204341583:AAFSPkKDrB6pbllz7CTKbRp7EVA9NbgfDJY/getUpdates "HTTP/1.1 200 OK"
2026-03-06 00:34:08,394 - httpx - INFO - HTTP Request: POST https://api.telegram.org/bot8204341583:AAFSPkKDrB6pbllz7CTKbRp7EVA9NbgfDJY/getUpdates "HTTP/1.1 200 OK"
2026-03-06 00:34:18,430 - httpx - INFO - HTTP Request: POST https://api.telegram.org/bot8204341583:AAFSPkKDrB6pbllz7CTKbRp7EVA9NbgfDJY/getUpdates "HTTP/1.1 200 OK"
2026-03-06 00:34:28,478 - httpx - INFO - HTTP Request: POST https://api.telegram.org/bot8204341583:AAFSPkKDrB6pbllz7CTKbRp7EVA9NbgfDJY/getUpdates "HTTP/1.1 200 OK"
2026-03-06 00:34:38,517 - httpx - INFO - HTTP Request: POST https://api.telegram.org/bot8204341583:AAFSPkKDrB6pbllz7CTKbRp7EVA9NbgfDJY/getUpdates "HTTP/1.1 200 OK"
2026-03-06 00:34:48,649 - httpx - INFO - HTTP Request: POST https://api.telegram.org/bot8204341583:AAFSPkKDrB6pbllz7CTKbRp7EVA9NbgfDJY/getUpdates "HTTP/1.1 200 OK"
2026-03-06 00:34:58,787 - httpx - INFO - HTTP Request: POST https://api.telegram.org/bot8204341583:AAFSPkKDrB6pbllz7CTKbRp7EVA9NbgfDJY/getUpdates "HTTP/1.1 200 OK"
2026-03-06 00:35:08,924 - httpx - INFO - HTTP Request: POST https://api.telegram.org/bot8204341583:AAFSPkKDrB6pbllz7CTKbRp7EVA9NbgfDJY/getUpdates "HTTP/1.1 200 OK"
2026-03-06 00:35:18,964 - httpx - INFO - HTTP Request: POST https://api.telegram.org/bot8204341583:AAFSPkKDrB6pbllz7CTKbRp7EVA9NbgfDJY/getUpdates "HTTP/1.1 200 OK"
2026-03-06 00:35:28,999 - httpx - INFO - HTTP Request: POST https://api.telegram.org/bot8204341583:AAFSPkKDrB6pbllz7CTKbRp7EVA9NbgfDJY/getUpdates "HTTP/1.1 200 OK"
2026-03-06 00:35:39,132 - httpx - INFO - HTTP Request: POST https://api.telegram.org/bot8204341583:AAFSPkKDrB6pbllz7CTKbRp7EVA9NbgfDJY/getUpdates "HTTP/1.1 200 OK"
2026-03-06 00:35:49,272 - httpx - INFO - HTTP Request: POST https://api.telegram.org/bot8204341583:AAFSPkKDrB6pbllz7CTKbRp7EVA9NbgfDJY/getUpdates "HTTP/1.1 200 OK"
2026-03-06 00:35:59,312 - httpx - INFO - HTTP Request: POST https://api.telegram.org/bot8204341583:AAFSPkKDrB6pbllz7CTKbRp7EVA9NbgfDJY/getUpdates "HTTP/1.1 200 OK"
2026-03-06 00:36:09,546 - httpx - INFO - HTTP Request: POST https://api.telegram.org/bot8204341583:AAFSPkKDrB6pbllz7CTKbRp7EVA9NbgfDJY/getUpdates "HTTP/1.1 200 OK"
2026-03-06 00:36:19,683 - httpx - INFO - HTTP Request: POST https://api.telegram.org/bot8204341583:AAFSPkKDrB6pbllz7CTKbRp7EVA9NbgfDJY/getUpdates "HTTP/1.1 200 OK"
2026-03-06 00:36:29,820 - httpx - INFO - HTTP Request: POST https://api.telegram.org/bot8204341583:AAFSPkKDrB6pbllz7CTKbRp7EVA9NbgfDJY/getUpdates "HTTP/1.1 200 OK"
2026-03-06 00:36:39,957 - httpx - INFO - HTTP Request: POST https://api.telegram.org/bot8204341583:AAFSPkKDrB6pbllz7CTKbRp7EVA9NbgfDJY/getUpdates "HTTP/1.1 200 OK"
2026-03-06 00:36:50,096 - httpx - INFO - HTTP Request: POST https://api.telegram.org/bot8204341583:AAFSPkKDrB6pbllz7CTKbRp7EVA9NbgfDJY/getUpdates "HTTP/1.1 200 OK"
2026-03-06 00:37:00,234 - httpx - INFO - HTTP Request: POST https://api.telegram.org/bot8204341583:AAFSPkKDrB6pbllz7CTKbRp7EVA9NbgfDJY/getUpdates "HTTP/1.1 200 OK"
2026-03-06 00:37:10,320 - httpx - INFO - HTTP Request: POST https://api.telegram.org/bot8204341583:AAFSPkKDrB6pbllz7CTKbRp7EVA9NbgfDJY/getUpdates "HTTP/1.1 200 OK"
2026-03-06 00:37:20,406 - httpx - INFO - HTTP Request: POST https://api.telegram.org/bot8204341583:AAFSPkKDrB6pbllz7CTKbRp7EVA9NbgfDJY/getUpdates "HTTP/1.1 200 OK"
2026-03-06 00:37:30,543 - httpx - INFO - HTTP Request: POST https://api.telegram.org/bot8204341583:AAFSPkKDrB6pbllz7CTKbRp7EVA9NbgfDJY/getUpdates "HTTP/1.1 200 OK"
2026-03-06 00:37:40,784 - httpx - INFO - HTTP Request: POST https://api.telegram.org/bot8204341583:AAFSPkKDrB6pbllz7CTKbRp7EVA9NbgfDJY/getUpdates "HTTP/1.1 200 OK"
2026-03-06 00:37:50,922 - httpx - INFO - HTTP Request: POST https://api.telegram.org/bot8204341583:AAFSPkKDrB6pbllz7CTKbRp7EVA9NbgfDJY/getUpdates "HTTP/1.1 200 OK"
2026-03-06 00:38:01,060 - httpx - INFO - HTTP Request: POST https://api.telegram.org/bot8204341583:AAFSPkKDrB6pbllz7CTKbRp7EVA9NbgfDJY/getUpdates "HTTP/1.1 200 OK"
2026-03-06 00:38:11,197 - httpx - INFO - HTTP Request: POST https://api.telegram.org/bot8204341583:AAFSPkKDrB6pbllz7CTKbRp7EVA9NbgfDJY/getUpdates "HTTP/1.1 200 OK"
2026-03-06 00:38:21,335 - httpx - INFO - HTTP Request: POST https://api.telegram.org/bot8204341583:AAFSPkKDrB6pbllz7CTKbRp7EVA9NbgfDJY/getUpdates "HTTP/1.1 200 OK"
2026-03-06 00:38:31,370 - httpx - INFO - HTTP Request: POST https://api.telegram.org/bot8204341583:AAFSPkKDrB6pbllz7CTKbRp7EVA9NbgfDJY/getUpdates "HTTP/1.1 200 OK"
2026-03-06 00:38:41,610 - httpx - INFO - HTTP Request: POST https://api.telegram.org/bot8204341583:AAFSPkKDrB6pbllz7CTKbRp7EVA9NbgfDJY/getUpdates "HTTP/1.1 200 OK"
2026-03-06 00:38:51,748 - httpx - INFO - HTTP Request: POST https://api.telegram.org/bot8204341583:AAFSPkKDrB6pbllz7CTKbRp7EVA9NbgfDJY/getUpdates "HTTP/1.1 200 OK"
2026-03-06 00:39:01,788 - httpx - INFO - HTTP Request: POST https://api.telegram.org/bot8204341583:AAFSPkKDrB6pbllz7CTKbRp7EVA9NbgfDJY/getUpdates "HTTP/1.1 200 OK"
2026-03-06 00:39:12,023 - httpx - INFO - HTTP Request: POST https://api.telegram.org/bot8204341583:AAFSPkKDrB6pbllz7CTKbRp7EVA9NbgfDJY/getUpdates "HTTP/1.1 200 OK"
2026-03-06 00:39:22,161 - httpx - INFO - HTTP Request: POST https://api.telegram.org/bot8204341583:AAFSPkKDrB6pbllz7CTKbRp7EVA9NbgfDJY/getUpdates "HTTP/1.1 200 OK"
2026-03-06 00:43:10,120 - httpx - INFO - HTTP Request: POST https://api.telegram.org/bot8204341583:AAFSPkKDrB6pbllz7CTKbRp7EVA9NbgfDJY/getUpdates "HTTP/1.1 200 OK"
2026-03-06 00:43:20,158 - httpx - INFO - HTTP Request: POST https://api.telegram.org/bot8204341583:AAFSPkKDrB6pbllz7CTKbRp7EVA9NbgfDJY/getUpdates "HTTP/1.1 200 OK"
2026-03-06 00:43:30,297 - httpx - INFO - HTTP Request: POST https://api.telegram.org/bot8204341583:AAFSPkKDrB6pbllz7CTKbRp7EVA9NbgfDJY/getUpdates "HTTP/1.1 200 OK"
2026-03-06 00:43:40,414 - httpx - INFO - HTTP Request: POST https://api.telegram.org/bot8204341583:AAFSPkKDrB6pbllz7CTKbRp7EVA9NbgfDJY/getUpdates "HTTP/1.1 200 OK"
2026-03-06 00:43:50,551 - httpx - INFO - HTTP Request: POST https://api.telegram.org/bot8204341583:AAFSPkKDrB6pbllz7CTKbRp7EVA9NbgfDJY/getUpdates "HTTP/1.1 200 OK"
2026-03-06 00:44:00,793 - httpx - INFO - HTTP Request: POST https://api.telegram.org/bot8204341583:AAFSPkKDrB6pbllz7CTKbRp7EVA9NbgfDJY/getUpdates "HTTP/1.1 200 OK"
2026-03-06 00:44:10,929 - httpx - INFO - HTTP Request: POST https://api.telegram.org/bot8204341583:AAFSPkKDrB6pbllz7CTKbRp7EVA9NbgfDJY/getUpdates "HTTP/1.1 200 OK"
2026-03-06 00:44:21,155 - httpx - INFO - HTTP Request: POST https://api.telegram.org/bot8204341583:AAFSPkKDrB6pbllz7CTKbRp7EVA9NbgfDJY/getUpdates "HTTP/1.1 200 OK"
2026-03-06 00:44:31,193 - httpx - INFO - HTTP Request: POST https://api.telegram.org/bot8204341583:AAFSPkKDrB6pbllz7CTKbRp7EVA9NbgfDJY/getUpdates "HTTP/1.1 200 OK"
2026-03-06 00:44:41,239 - httpx - INFO - HTTP Request: POST https://api.telegram.org/bot8204341583:AAFSPkKDrB6pbllz7CTKbRp7EVA9NbgfDJY/getUpdates "HTTP/1.1 200 OK"
2026-03-06 00:44:51,376 - httpx - INFO - HTTP Request: POST https://api.telegram.org/bot8204341583:AAFSPkKDrB6pbllz7CTKbRp7EVA9NbgfDJY/getUpdates "HTTP/1.1 200 OK"
2026-03-06 00:45:01,618 - httpx - INFO - HTTP Request: POST https://api.telegram.org/bot8204341583:AAFSPkKDrB6pbllz7CTKbRp7EVA9NbgfDJY/getUpdates "HTTP/1.1 200 OK"
2026-03-06 00:45:11,755 - httpx - INFO - HTTP Request: POST https://api.telegram.org/bot8204341583:AAFSPkKDrB6pbllz7CTKbRp7EVA9NbgfDJY/getUpdates "HTTP/1.1 200 OK"
2026-03-06 00:45:21,995 - httpx - INFO - HTTP Request: POST https://api.telegram.org/bot8204341583:AAFSPkKDrB6pbllz7CTKbRp7EVA9NbgfDJY/getUpdates "HTTP/1.1 200 OK"
2026-03-06 00:45:32,133 - httpx - INFO - HTTP Request: POST https://api.telegram.org/bot8204341583:AAFSPkKDrB6pbllz7CTKbRp7EVA9NbgfDJY/getUpdates "HTTP/1.1 200 OK"
2026-03-06 00:45:42,270 - httpx - INFO - HTTP Request: POST https://api.telegram.org/bot8204341583:AAFSPkKDrB6pbllz7CTKbRp7EVA9NbgfDJY/getUpdates "HTTP/1.1 200 OK"
2026-03-06 00:45:52,380 - httpx - INFO - HTTP Request: POST https://api.telegram.org/bot8204341583:AAFSPkKDrB6pbllz7CTKbRp7EVA9NbgfDJY/getUpdates "HTTP/1.1 200 OK"
2026-03-06 00:46:02,443 - httpx - INFO - HTTP Request: POST https://api.telegram.org/bot8204341583:AAFSPkKDrB6pbllz7CTKbRp7EVA9NbgfDJY/getUpdates "HTTP/1.1 200 OK"
2026-03-06 00:46:12,532 - httpx - INFO - HTTP Request: POST https://api.telegram.org/bot8204341583:AAFSPkKDrB6pbllz7CTKbRp7EVA9NbgfDJY/getUpdates "HTTP/1.1 200 OK"
2026-03-06 00:46:22,572 - httpx - INFO - HTTP Request: POST https://api.telegram.org/bot8204341583:AAFSPkKDrB6pbllz7CTKbRp7EVA9NbgfDJY/getUpdates "HTTP/1.1 200 OK"
2026-03-06 00:46:32,651 - httpx - INFO - HTTP Request: POST https://api.telegram.org/bot8204341583:AAFSPkKDrB6pbllz7CTKbRp7EVA9NbgfDJY/getUpdates "HTTP/1.1 200 OK"
2026-03-06 00:46:42,713 - httpx - INFO - HTTP Request: POST https://api.telegram.org/bot8204341583:AAFSPkKDrB6pbllz7CTKbRp7EVA9NbgfDJY/getUpdates "HTTP/1.1 200 OK"
2026-03-06 00:46:52,824 - httpx - INFO - HTTP Request: POST https://api.telegram.org/bot8204341583:AAFSPkKDrB6pbllz7CTKbRp7EVA9NbgfDJY/getUpdates "HTTP/1.1 200 OK"
2026-03-06 00:47:02,961 - httpx - INFO - HTTP Request: POST https://api.telegram.org/bot8204341583:AAFSPkKDrB6pbllz7CTKbRp7EVA9NbgfDJY/getUpdates "HTTP/1.1 200 OK"
2026-03-06 00:47:13,203 - httpx - INFO - HTTP Request: POST https://api.telegram.org/bot8204341583:AAFSPkKDrB6pbllz7CTKbRp7EVA9NbgfDJY/getUpdates "HTTP/1.1 200 OK"
2026-03-06 00:47:23,242 - httpx - INFO - HTTP Request: POST https://api.telegram.org/bot8204341583:AAFSPkKDrB6pbllz7CTKbRp7EVA9NbgfDJY/getUpdates "HTTP/1.1 200 OK"
2026-03-06 00:47:33,279 - httpx - INFO - HTTP Request: POST https://api.telegram.org/bot8204341583:AAFSPkKDrB6pbllz7CTKbRp7EVA9NbgfDJY/getUpdates "HTTP/1.1 200 OK"
2026-03-06 00:47:43,409 - httpx - INFO - HTTP Request: POST https://api.telegram.org/bot8204341583:AAFSPkKDrB6pbllz7CTKbRp7EVA9NbgfDJY/getUpdates "HTTP/1.1 200 OK"
2026-03-06 00:47:53,494 - httpx - INFO - HTTP Request: POST https://api.telegram.org/bot8204341583:AAFSPkKDrB6pbllz7CTKbRp7EVA9NbgfDJY/getUpdates "HTTP/1.1 200 OK"
2026-03-06 00:48:03,583 - httpx - INFO - HTTP Request: POST https://api.telegram.org/bot8204341583:AAFSPkKDrB6pbllz7CTKbRp7EVA9NbgfDJY/getUpdates "HTTP/1.1 200 OK"
2026-03-06 00:48:13,722 - httpx - INFO - HTTP Request: POST https://api.telegram.org/bot8204341583:AAFSPkKDrB6pbllz7CTKbRp7EVA9NbgfDJY/getUpdates "HTTP/1.1 200 OK"
2026-03-06 00:48:23,917 - httpx - INFO - HTTP Request: POST https://api.telegram.org/bot8204341583:AAFSPkKDrB6pbllz7CTKbRp7EVA9NbgfDJY/getUpdates "HTTP/1.1 200 OK"
2026-03-06 00:48:33,965 - httpx - INFO - HTTP Request: POST https://api.telegram.org/bot8204341583:AAFSPkKDrB6pbllz7CTKbRp7EVA9NbgfDJY/getUpdates "HTTP/1.1 200 OK"
2026-03-06 00:48:44,011 - httpx - INFO - HTTP Request: POST https://api.telegram.org/bot8204341583:AAFSPkKDrB6pbllz7CTKbRp7EVA9NbgfDJY/getUpdates "HTTP/1.1 200 OK"
2026-03-06 00:48:54,050 - httpx - INFO - HTTP Request: POST https://api.telegram.org/bot8204341583:AAFSPkKDrB6pbllz7CTKbRp7EVA9NbgfDJY/getUpdates "HTTP/1.1 200 OK"
2026-03-06 00:49:04,100 - httpx - INFO - HTTP Request: POST https://api.telegram.org/bot8204341583:AAFSPkKDrB6pbllz7CTKbRp7EVA9NbgfDJY/getUpdates "HTTP/1.1 200 OK"
2026-03-06 00:49:14,238 - httpx - INFO - HTTP Request: POST https://api.telegram.org/bot8204341583:AAFSPkKDrB6pbllz7CTKbRp7EVA9NbgfDJY/getUpdates "HTTP/1.1 200 OK"
2026-03-06 00:49:24,282 - httpx - INFO - HTTP Request: POST https://api.telegram.org/bot8204341583:AAFSPkKDrB6pbllz7CTKbRp7EVA9NbgfDJY/getUpdates "HTTP/1.1 200 OK"
2026-03-06 00:49:34,412 - httpx - INFO - HTTP Request: POST https://api.telegram.org/bot8204341583:AAFSPkKDrB6pbllz7CTKbRp7EVA9NbgfDJY/getUpdates "HTTP/1.1 200 OK"
2026-03-06 00:49:44,550 - httpx - INFO - HTTP Request: POST https://api.telegram.org/bot8204341583:AAFSPkKDrB6pbllz7CTKbRp7EVA9NbgfDJY/getUpdates "HTTP/1.1 200 OK"
2026-03-06 00:49:54,670 - httpx - INFO - HTTP Request: POST https://api.telegram.org/bot8204341583:AAFSPkKDrB6pbllz7CTKbRp7EVA9NbgfDJY/getUpdates "HTTP/1.1 200 OK"
2026-03-06 00:50:04,710 - httpx - INFO - HTTP Request: POST https://api.telegram.org/bot8204341583:AAFSPkKDrB6pbllz7CTKbRp7EVA9NbgfDJY/getUpdates "HTTP/1.1 200 OK"
2026-03-06 00:50:14,758 - httpx - INFO - HTTP Request: POST https://api.telegram.org/bot8204341583:AAFSPkKDrB6pbllz7CTKbRp7EVA9NbgfDJY/getUpdates "HTTP/1.1 200 OK"
2026-03-06 00:50:25,015 - httpx - INFO - HTTP Request: POST https://api.telegram.org/bot8204341583:AAFSPkKDrB6pbllz7CTKbRp7EVA9NbgfDJY/getUpdates "HTTP/1.1 200 OK"
2026-03-06 00:50:35,136 - httpx - INFO - HTTP Request: POST https://api.telegram.org/bot8204341583:AAFSPkKDrB6pbllz7CTKbRp7EVA9NbgfDJY/getUpdates "HTTP/1.1 200 OK"
2026-03-06 00:50:45,272 - httpx - INFO - HTTP Request: POST https://api.telegram.org/bot8204341583:AAFSPkKDrB6pbllz7CTKbRp7EVA9NbgfDJY/getUpdates "HTTP/1.1 200 OK"
2026-03-06 00:50:55,327 - httpx - INFO - HTTP Request: POST https://api.telegram.org/bot8204341583:AAFSPkKDrB6pbllz7CTKbRp7EVA9NbgfDJY/getUpdates "HTTP/1.1 200 OK"
2026-03-06 00:51:05,455 - httpx - INFO - HTTP Request: POST https://api.telegram.org/bot8204341583:AAFSPkKDrB6pbllz7CTKbRp7EVA9NbgfDJY/getUpdates "HTTP/1.1 200 OK"
2026-03-06 00:51:15,496 - httpx - INFO - HTTP Request: POST https://api.telegram.org/bot8204341583:AAFSPkKDrB6pbllz7CTKbRp7EVA9NbgfDJY/getUpdates "HTTP/1.1 200 OK"
2026-03-06 00:51:25,535 - httpx - INFO - HTTP Request: POST https://api.telegram.org/bot8204341583:AAFSPkKDrB6pbllz7CTKbRp7EVA9NbgfDJY/getUpdates "HTTP/1.1 200 OK"
2026-03-06 00:51:35,573 - httpx - INFO - HTTP Request: POST https://api.telegram.org/bot8204341583:AAFSPkKDrB6pbllz7CTKbRp7EVA9NbgfDJY/getUpdates "HTTP/1.1 200 OK"
2026-03-06 00:51:45,791 - httpx - INFO - HTTP Request: POST https://api.telegram.org/bot8204341583:AAFSPkKDrB6pbllz7CTKbRp7EVA9NbgfDJY/getUpdates "HTTP/1.1 200 OK"
2026-03-06 00:51:55,830 - httpx - INFO - HTTP Request: POST https://api.telegram.org/bot8204341583:AAFSPkKDrB6pbllz7CTKbRp7EVA9NbgfDJY/getUpdates "HTTP/1.1 200 OK"
2026-03-06 00:52:05,965 - httpx - INFO - HTTP Request: POST https://api.telegram.org/bot8204341583:AAFSPkKDrB6pbllz7CTKbRp7EVA9NbgfDJY/getUpdates "HTTP/1.1 200 OK"
2026-03-06 00:52:16,005 - httpx - INFO - HTTP Request: POST https://api.telegram.org/bot8204341583:AAFSPkKDrB6pbllz7CTKbRp7EVA9NbgfDJY/getUpdates "HTTP/1.1 200 OK"
2026-03-06 00:52:26,137 - httpx - INFO - HTTP Request: POST https://api.telegram.org/bot8204341583:AAFSPkKDrB6pbllz7CTKbRp7EVA9NbgfDJY/getUpdates "HTTP/1.1 200 OK"
2026-03-06 00:52:36,275 - httpx - INFO - HTTP Request: POST https://api.telegram.org/bot8204341583:AAFSPkKDrB6pbllz7CTKbRp7EVA9NbgfDJY/getUpdates "HTTP/1.1 200 OK"
2026-03-06 00:52:46,314 - httpx - INFO - HTTP Request: POST https://api.telegram.org/bot8204341583:AAFSPkKDrB6pbllz7CTKbRp7EVA9NbgfDJY/getUpdates "HTTP/1.1 200 OK"
2026-03-06 00:52:56,368 - httpx - INFO - HTTP Request: POST https://api.telegram.org/bot8204341583:AAFSPkKDrB6pbllz7CTKbRp7EVA9NbgfDJY/getUpdates "HTTP/1.1 200 OK"
2026-03-06 00:53:06,586 - httpx - INFO - HTTP Request: POST https://api.telegram.org/bot8204341583:AAFSPkKDrB6pbllz7CTKbRp7EVA9NbgfDJY/getUpdates "HTTP/1.1 200 OK"
2026-03-06 00:53:16,625 - httpx - INFO - HTTP Request: POST https://api.telegram.org/bot8204341583:AAFSPkKDrB6pbllz7CTKbRp7EVA9NbgfDJY/getUpdates "HTTP/1.1 200 OK"
2026-03-06 00:53:26,758 - httpx - INFO - HTTP Request: POST https://api.telegram.org/bot8204341583:AAFSPkKDrB6pbllz7CTKbRp7EVA9NbgfDJY/getUpdates "HTTP/1.1 200 OK"
2026-03-06 00:53:36,998 - httpx - INFO - HTTP Request: POST https://api.telegram.org/bot8204341583:AAFSPkKDrB6pbllz7CTKbRp7EVA9NbgfDJY/getUpdates "HTTP/1.1 200 OK"
2026-03-06 00:53:47,136 - httpx - INFO - HTTP Request: POST https://api.telegram.org/bot8204341583:AAFSPkKDrB6pbllz7CTKbRp7EVA9NbgfDJY/getUpdates "HTTP/1.1 200 OK"
2026-03-06 00:53:57,173 - httpx - INFO - HTTP Request: POST https://api.telegram.org/bot8204341583:AAFSPkKDrB6pbllz7CTKbRp7EVA9NbgfDJY/getUpdates "HTTP/1.1 200 OK"
2026-03-06 00:54:07,411 - httpx - INFO - HTTP Request: POST https://api.telegram.org/bot8204341583:AAFSPkKDrB6pbllz7CTKbRp7EVA9NbgfDJY/getUpdates "HTTP/1.1 200 OK"
2026-03-06 00:54:17,549 - httpx - INFO - HTTP Request: POST https://api.telegram.org/bot8204341583:AAFSPkKDrB6pbllz7CTKbRp7EVA9NbgfDJY/getUpdates "HTTP/1.1 200 OK"
2026-03-06 00:54:27,789 - httpx - INFO - HTTP Request: POST https://api.telegram.org/bot8204341583:AAFSPkKDrB6pbllz7CTKbRp7EVA9NbgfDJY/getUpdates "HTTP/1.1 200 OK"
2026-03-06 00:54:37,927 - httpx - INFO - HTTP Request: POST https://api.telegram.org/bot8204341583:AAFSPkKDrB6pbllz7CTKbRp7EVA9NbgfDJY/getUpdates "HTTP/1.1 200 OK"
2026-03-06 00:54:48,063 - httpx - INFO - HTTP Request: POST https://api.telegram.org/bot8204341583:AAFSPkKDrB6pbllz7CTKbRp7EVA9NbgfDJY/getUpdates "HTTP/1.1 200 OK"
2026-03-06 00:54:58,202 - httpx - INFO - HTTP Request: POST https://api.telegram.org/bot8204341583:AAFSPkKDrB6pbllz7CTKbRp7EVA9NbgfDJY/getUpdates "HTTP/1.1 200 OK"
2026-03-06 00:55:08,243 - httpx - INFO - HTTP Request: POST https://api.telegram.org/bot8204341583:AAFSPkKDrB6pbllz7CTKbRp7EVA9NbgfDJY/getUpdates "HTTP/1.1 200 OK"
2026-03-06 00:55:18,374 - httpx - INFO - HTTP Request: POST https://api.telegram.org/bot8204341583:AAFSPkKDrB6pbllz7CTKbRp7EVA9NbgfDJY/getUpdates "HTTP/1.1 200 OK"
2026-03-06 00:55:28,450 - httpx - INFO - HTTP Request: POST https://api.telegram.org/bot8204341583:AAFSPkKDrB6pbllz7CTKbRp7EVA9NbgfDJY/getUpdates "HTTP/1.1 200 OK"
2026-03-06 00:55:38,548 - httpx - INFO - HTTP Request: POST https://api.telegram.org/bot8204341583:AAFSPkKDrB6pbllz7CTKbRp7EVA9NbgfDJY/getUpdates "HTTP/1.1 200 OK"
2026-03-06 00:55:48,687 - httpx - INFO - HTTP Request: POST https://api.telegram.org/bot8204341583:AAFSPkKDrB6pbllz7CTKbRp7EVA9NbgfDJY/getUpdates "HTTP/1.1 200 OK"
2026-03-06 00:55:58,724 - httpx - INFO - HTTP Request: POST https://api.telegram.org/bot8204341583:AAFSPkKDrB6pbllz7CTKbRp7EVA9NbgfDJY/getUpdates "HTTP/1.1 200 OK"
2026-03-06 00:56:08,858 - httpx - INFO - HTTP Request: POST https://api.telegram.org/bot8204341583:AAFSPkKDrB6pbllz7CTKbRp7EVA9NbgfDJY/getUpdates "HTTP/1.1 200 OK"
2026-03-06 00:56:18,996 - httpx - INFO - HTTP Request: POST https://api.telegram.org/bot8204341583:AAFSPkKDrB6pbllz7CTKbRp7EVA9NbgfDJY/getUpdates "HTTP/1.1 200 OK"
2026-03-06 00:56:29,133 - httpx - INFO - HTTP Request: POST https://api.telegram.org/bot8204341583:AAFSPkKDrB6pbllz7CTKbRp7EVA9NbgfDJY/getUpdates "HTTP/1.1 200 OK"
2026-03-06 00:56:39,374 - httpx - INFO - HTTP Request: POST https://api.telegram.org/bot8204341583:AAFSPkKDrB6pbllz7CTKbRp7EVA9NbgfDJY/getUpdates "HTTP/1.1 200 OK"
2026-03-06 00:56:49,414 - httpx - INFO - HTTP Request: POST https://api.telegram.org/bot8204341583:AAFSPkKDrB6pbllz7CTKbRp7EVA9NbgfDJY/getUpdates "HTTP/1.1 200 OK"
2026-03-06 00:56:59,548 - httpx - INFO - HTTP Request: POST https://api.telegram.org/bot8204341583:AAFSPkKDrB6pbllz7CTKbRp7EVA9NbgfDJY/getUpdates "HTTP/1.1 200 OK"
2026-03-06 00:57:09,785 - httpx - INFO - HTTP Request: POST https://api.telegram.org/bot8204341583:AAFSPkKDrB6pbllz7CTKbRp7EVA9NbgfDJY/getUpdates "HTTP/1.1 200 OK"
2026-03-06 00:57:19,888 - httpx - INFO - HTTP Request: POST https://api.telegram.org/bot8204341583:AAFSPkKDrB6pbllz7CTKbRp7EVA9NbgfDJY/getUpdates "HTTP/1.1 200 OK"
2026-03-06 00:57:29,959 - httpx - INFO - HTTP Request: POST https://api.telegram.org/bot8204341583:AAFSPkKDrB6pbllz7CTKbRp7EVA9NbgfDJY/getUpdates "HTTP/1.1 200 OK"
2026-03-06 00:57:40,199 - httpx - INFO - HTTP Request: POST https://api.telegram.org/bot8204341583:AAFSPkKDrB6pbllz7CTKbRp7EVA9NbgfDJY/getUpdates "HTTP/1.1 200 OK"
2026-03-06 00:57:50,336 - httpx - INFO - HTTP Request: POST https://api.telegram.org/bot8204341583:AAFSPkKDrB6pbllz7CTKbRp7EVA9NbgfDJY/getUpdates "HTTP/1.1 200 OK"
2026-03-06 00:58:00,429 - httpx - INFO - HTTP Request: POST https://api.telegram.org/bot8204341583:AAFSPkKDrB6pbllz7CTKbRp7EVA9NbgfDJY/getUpdates "HTTP/1.1 200 OK"
2026-03-06 00:58:10,612 - httpx - INFO - HTTP Request: POST https://api.telegram.org/bot8204341583:AAFSPkKDrB6pbllz7CTKbRp7EVA9NbgfDJY/getUpdates "HTTP/1.1 200 OK"
2026-03-06 00:58:20,750 - httpx - INFO - HTTP Request: POST https://api.telegram.org/bot8204341583:AAFSPkKDrB6pbllz7CTKbRp7EVA9NbgfDJY/getUpdates "HTTP/1.1 200 OK"
2026-03-06 00:58:30,885 - httpx - INFO - HTTP Request: POST https://api.telegram.org/bot8204341583:AAFSPkKDrB6pbllz7CTKbRp7EVA9NbgfDJY/getUpdates "HTTP/1.1 200 OK"
2026-03-06 00:58:41,024 - httpx - INFO - HTTP Request: POST https://api.telegram.org/bot8204341583:AAFSPkKDrB6pbllz7CTKbRp7EVA9NbgfDJY/getUpdates "HTTP/1.1 200 OK"
2026-03-06 00:58:51,162 - httpx - INFO - HTTP Request: POST https://api.telegram.org/bot8204341583:AAFSPkKDrB6pbllz7CTKbRp7EVA9NbgfDJY/getUpdates "HTTP/1.1 200 OK"
2026-03-06 00:59:01,301 - httpx - INFO - HTTP Request: POST https://api.telegram.org/bot8204341583:AAFSPkKDrB6pbllz7CTKbRp7EVA9NbgfDJY/getUpdates "HTTP/1.1 200 OK"
2026-03-06 00:59:11,438 - httpx - INFO - HTTP Request: POST https://api.telegram.org/bot8204341583:AAFSPkKDrB6pbllz7CTKbRp7EVA9NbgfDJY/getUpdates "HTTP/1.1 200 OK"
2026-03-06 00:59:21,576 - httpx - INFO - HTTP Request: POST https://api.telegram.org/bot8204341583:AAFSPkKDrB6pbllz7CTKbRp7EVA9NbgfDJY/getUpdates "HTTP/1.1 200 OK"
2026-03-06 00:59:31,713 - httpx - INFO - HTTP Request: POST https://api.telegram.org/bot8204341583:AAFSPkKDrB6pbllz7CTKbRp7EVA9NbgfDJY/getUpdates "HTTP/1.1 200 OK"
2026-03-06 00:59:41,850 - httpx - INFO - HTTP Request: POST https://api.telegram.org/bot8204341583:AAFSPkKDrB6pbllz7CTKbRp7EVA9NbgfDJY/getUpdates "HTTP/1.1 200 OK"
2026-03-06 00:59:51,888 - httpx - INFO - HTTP Request: POST https://api.telegram.org/bot8204341583:AAFSPkKDrB6pbllz7CTKbRp7EVA9NbgfDJY/getUpdates "HTTP/1.1 200 OK"
2026-03-06 01:00:02,059 - httpx - INFO - HTTP Request: POST https://api.telegram.org/bot8204341583:AAFSPkKDrB6pbllz7CTKbRp7EVA9NbgfDJY/getUpdates "HTTP/1.1 200 OK"
2026-03-06 01:00:12,264 - httpx - INFO - HTTP Request: POST https://api.telegram.org/bot8204341583:AAFSPkKDrB6pbllz7CTKbRp7EVA9NbgfDJY/getUpdates "HTTP/1.1 200 OK"
2026-03-06 01:00:22,400 - httpx - INFO - HTTP Request: POST https://api.telegram.org/bot8204341583:AAFSPkKDrB6pbllz7CTKbRp7EVA9NbgfDJY/getUpdates "HTTP/1.1 200 OK"
2026-03-06 01:00:32,538 - httpx - INFO - HTTP Request: POST https://api.telegram.org/bot8204341583:AAFSPkKDrB6pbllz7CTKbRp7EVA9NbgfDJY/getUpdates "HTTP/1.1 200 OK"
2026-03-06 01:00:42,625 - httpx - INFO - HTTP Request: POST https://api.telegram.org/bot8204341583:AAFSPkKDrB6pbllz7CTKbRp7EVA9NbgfDJY/getUpdates "HTTP/1.1 200 OK"
2026-03-06 01:00:52,711 - httpx - INFO - HTTP Request: POST https://api.telegram.org/bot8204341583:AAFSPkKDrB6pbllz7CTKbRp7EVA9NbgfDJY/getUpdates "HTTP/1.1 200 OK"
2026-03-06 01:01:02,749 - httpx - INFO - HTTP Request: POST https://api.telegram.org/bot8204341583:AAFSPkKDrB6pbllz7CTKbRp7EVA9NbgfDJY/getUpdates "HTTP/1.1 200 OK"
2026-03-06 01:01:12,883 - httpx - INFO - HTTP Request: POST https://api.telegram.org/bot8204341583:AAFSPkKDrB6pbllz7CTKbRp7EVA9NbgfDJY/getUpdates "HTTP/1.1 200 OK"
2026-03-06 01:01:23,021 - httpx - INFO - HTTP Request: POST https://api.telegram.org/bot8204341583:AAFSPkKDrB6pbllz7CTKbRp7EVA9NbgfDJY/getUpdates "HTTP/1.1 200 OK"
2026-03-06 01:01:33,159 - httpx - INFO - HTTP Request: POST https://api.telegram.org/bot8204341583:AAFSPkKDrB6pbllz7CTKbRp7EVA9NbgfDJY/getUpdates "HTTP/1.1 200 OK"
2026-03-06 01:01:43,296 - httpx - INFO - HTTP Request: POST https://api.telegram.org/bot8204341583:AAFSPkKDrB6pbllz7CTKbRp7EVA9NbgfDJY/getUpdates "HTTP/1.1 200 OK"
2026-03-06 01:01:53,404 - httpx - INFO - HTTP Request: POST https://api.telegram.org/bot8204341583:AAFSPkKDrB6pbllz7CTKbRp7EVA9NbgfDJY/getUpdates "HTTP/1.1 200 OK"
2026-03-06 01:02:03,437 - httpx - INFO - HTTP Request: POST https://api.telegram.org/bot8204341583:AAFSPkKDrB6pbllz7CTKbRp7EVA9NbgfDJY/getUpdates "HTTP/1.1 200 OK"
2026-03-06 01:02:13,484 - httpx - INFO - HTTP Request: POST https://api.telegram.org/bot8204341583:AAFSPkKDrB6pbllz7CTKbRp7EVA9NbgfDJY/getUpdates "HTTP/1.1 200 OK"
2026-03-06 01:02:23,529 - httpx - INFO - HTTP Request: POST https://api.telegram.org/bot8204341583:AAFSPkKDrB6pbllz7CTKbRp7EVA9NbgfDJY/getUpdates "HTTP/1.1 200 OK"
2026-03-06 01:02:33,575 - httpx - INFO - HTTP Request: POST https://api.telegram.org/bot8204341583:AAFSPkKDrB6pbllz7CTKbRp7EVA9NbgfDJY/getUpdates "HTTP/1.1 200 OK"
2026-03-06 01:02:43,816 - httpx - INFO - HTTP Request: POST https://api.telegram.org/bot8204341583:AAFSPkKDrB6pbllz7CTKbRp7EVA9NbgfDJY/getUpdates "HTTP/1.1 200 OK"
2026-03-06 01:02:53,887 - httpx - INFO - HTTP Request: POST https://api.telegram.org/bot8204341583:AAFSPkKDrB6pbllz7CTKbRp7EVA9NbgfDJY/getUpdates "HTTP/1.1 200 OK"
2026-03-06 01:03:03,943 - httpx - INFO - HTTP Request: POST https://api.telegram.org/bot8204341583:AAFSPkKDrB6pbllz7CTKbRp7EVA9NbgfDJY/getUpdates "HTTP/1.1 200 OK"
2026-03-06 01:03:13,980 - httpx - INFO - HTTP Request: POST https://api.telegram.org/bot8204341583:AAFSPkKDrB6pbllz7CTKbRp7EVA9NbgfDJY/getUpdates "HTTP/1.1 200 OK"
2026-03-06 01:03:24,107 - httpx - INFO - HTTP Request: POST https://api.telegram.org/bot8204341583:AAFSPkKDrB6pbllz7CTKbRp7EVA9NbgfDJY/getUpdates "HTTP/1.1 200 OK"
2026-03-06 01:03:34,143 - httpx - INFO - HTTP Request: POST https://api.telegram.org/bot8204341583:AAFSPkKDrB6pbllz7CTKbRp7EVA9NbgfDJY/getUpdates "HTTP/1.1 200 OK"
2026-03-06 01:03:44,231 - httpx - INFO - HTTP Request: POST https://api.telegram.org/bot8204341583:AAFSPkKDrB6pbllz7CTKbRp7EVA9NbgfDJY/getUpdates "HTTP/1.1 200 OK"
2026-03-06 01:03:54,270 - httpx - INFO - HTTP Request: POST https://api.telegram.org/bot8204341583:AAFSPkKDrB6pbllz7CTKbRp7EVA9NbgfDJY/getUpdates "HTTP/1.1 200 OK"
2026-03-06 01:04:04,310 - httpx - INFO - HTTP Request: POST https://api.telegram.org/bot8204341583:AAFSPkKDrB6pbllz7CTKbRp7EVA9NbgfDJY/getUpdates "HTTP/1.1 200 OK"
2026-03-06 01:04:14,439 - httpx - INFO - HTTP Request: POST https://api.telegram.org/bot8204341583:AAFSPkKDrB6pbllz7CTKbRp7EVA9NbgfDJY/getUpdates "HTTP/1.1 200 OK"
2026-03-06 01:04:24,480 - httpx - INFO - HTTP Request: POST https://api.telegram.org/bot8204341583:AAFSPkKDrB6pbllz7CTKbRp7EVA9NbgfDJY/getUpdates "HTTP/1.1 200 OK"
2026-03-06 01:04:34,519 - httpx - INFO - HTTP Request: POST https://api.telegram.org/bot8204341583:AAFSPkKDrB6pbllz7CTKbRp7EVA9NbgfDJY/getUpdates "HTTP/1.1 200 OK"
2026-03-06 01:04:44,555 - httpx - INFO - HTTP Request: POST https://api.telegram.org/bot8204341583:AAFSPkKDrB6pbllz7CTKbRp7EVA9NbgfDJY/getUpdates "HTTP/1.1 200 OK"
2026-03-06 01:04:54,593 - httpx - INFO - HTTP Request: POST https://api.telegram.org/bot8204341583:AAFSPkKDrB6pbllz7CTKbRp7EVA9NbgfDJY/getUpdates "HTTP/1.1 200 OK"
2026-03-06 01:05:04,821 - httpx - INFO - HTTP Request: POST https://api.telegram.org/bot8204341583:AAFSPkKDrB6pbllz7CTKbRp7EVA9NbgfDJY/getUpdates "HTTP/1.1 200 OK"
2026-03-06 01:05:14,959 - httpx - INFO - HTTP Request: POST https://api.telegram.org/bot8204341583:AAFSPkKDrB6pbllz7CTKbRp7EVA9NbgfDJY/getUpdates "HTTP/1.1 200 OK"
2026-03-06 01:05:24,999 - httpx - INFO - HTTP Request: POST https://api.telegram.org/bot8204341583:AAFSPkKDrB6pbllz7CTKbRp7EVA9NbgfDJY/getUpdates "HTTP/1.1 200 OK"
2026-03-06 01:05:35,230 - httpx - INFO - HTTP Request: POST https://api.telegram.org/bot8204341583:AAFSPkKDrB6pbllz7CTKbRp7EVA9NbgfDJY/getUpdates "HTTP/1.1 200 OK"
2026-03-06 01:05:45,271 - httpx - INFO - HTTP Request: POST https://api.telegram.org/bot8204341583:AAFSPkKDrB6pbllz7CTKbRp7EVA9NbgfDJY/getUpdates "HTTP/1.1 200 OK"
2026-03-06 01:05:55,406 - httpx - INFO - HTTP Request: POST https://api.telegram.org/bot8204341583:AAFSPkKDrB6pbllz7CTKbRp7EVA9NbgfDJY/getUpdates "HTTP/1.1 200 OK"
2026-03-06 01:06:05,646 - httpx - INFO - HTTP Request: POST https://api.telegram.org/bot8204341583:AAFSPkKDrB6pbllz7CTKbRp7EVA9NbgfDJY/getUpdates "HTTP/1.1 200 OK"
2026-03-06 01:06:15,685 - httpx - INFO - HTTP Request: POST https://api.telegram.org/bot8204341583:AAFSPkKDrB6pbllz7CTKbRp7EVA9NbgfDJY/getUpdates "HTTP/1.1 200 OK"
2026-03-06 01:06:25,819 - httpx - INFO - HTTP Request: POST https://api.telegram.org/bot8204341583:AAFSPkKDrB6pbllz7CTKbRp7EVA9NbgfDJY/getUpdates "HTTP/1.1 200 OK"
2026-03-06 01:06:36,059 - httpx - INFO - HTTP Request: POST https://api.telegram.org/bot8204341583:AAFSPkKDrB6pbllz7CTKbRp7EVA9NbgfDJY/getUpdates "HTTP/1.1 200 OK"
2026-03-06 01:06:46,197 - httpx - INFO - HTTP Request: POST https://api.telegram.org/bot8204341583:AAFSPkKDrB6pbllz7CTKbRp7EVA9NbgfDJY/getUpdates "HTTP/1.1 200 OK"
2026-03-06 01:06:56,334 - httpx - INFO - HTTP Request: POST https://api.telegram.org/bot8204341583:AAFSPkKDrB6pbllz7CTKbRp7EVA9NbgfDJY/getUpdates "HTTP/1.1 200 OK"
2026-03-06 01:07:06,472 - httpx - INFO - HTTP Request: POST https://api.telegram.org/bot8204341583:AAFSPkKDrB6pbllz7CTKbRp7EVA9NbgfDJY/getUpdates "HTTP/1.1 200 OK"
2026-03-06 01:07:16,609 - httpx - INFO - HTTP Request: POST https://api.telegram.org/bot8204341583:AAFSPkKDrB6pbllz7CTKbRp7EVA9NbgfDJY/getUpdates "HTTP/1.1 200 OK"
2026-03-06 01:07:26,748 - httpx - INFO - HTTP Request: POST https://api.telegram.org/bot8204341583:AAFSPkKDrB6pbllz7CTKbRp7EVA9NbgfDJY/getUpdates "HTTP/1.1 200 OK"
2026-03-06 01:07:36,814 - httpx - INFO - HTTP Request: POST https://api.telegram.org/bot8204341583:AAFSPkKDrB6pbllz7CTKbRp7EVA9NbgfDJY/getUpdates "HTTP/1.1 200 OK"
2026-03-06 01:07:46,858 - httpx - INFO - HTTP Request: POST https://api.telegram.org/bot8204341583:AAFSPkKDrB6pbllz7CTKbRp7EVA9NbgfDJY/getUpdates "HTTP/1.1 200 OK"
2026-03-06 01:07:56,899 - httpx - INFO - HTTP Request: POST https://api.telegram.org/bot8204341583:AAFSPkKDrB6pbllz7CTKbRp7EVA9NbgfDJY/getUpdates "HTTP/1.1 200 OK"
2026-03-06 01:08:06,943 - httpx - INFO - HTTP Request: POST https://api.telegram.org/bot8204341583:AAFSPkKDrB6pbllz7CTKbRp7EVA9NbgfDJY/getUpdates "HTTP/1.1 200 OK"
2026-03-06 01:08:16,998 - httpx - INFO - HTTP Request: POST https://api.telegram.org/bot8204341583:AAFSPkKDrB6pbllz7CTKbRp7EVA9NbgfDJY/getUpdates "HTTP/1.1 200 OK"
2026-03-06 01:08:27,035 - httpx - INFO - HTTP Request: POST https://api.telegram.org/bot8204341583:AAFSPkKDrB6pbllz7CTKbRp7EVA9NbgfDJY/getUpdates "HTTP/1.1 200 OK"
2026-03-06 01:08:37,200 - httpx - INFO - HTTP Request: POST https://api.telegram.org/bot8204341583:AAFSPkKDrB6pbllz7CTKbRp7EVA9NbgfDJY/getUpdates "HTTP/1.1 200 OK"
2026-03-06 01:08:47,338 - httpx - INFO - HTTP Request: POST https://api.telegram.org/bot8204341583:AAFSPkKDrB6pbllz7CTKbRp7EVA9NbgfDJY/getUpdates "HTTP/1.1 200 OK"
2026-03-06 01:08:57,579 - httpx - INFO - HTTP Request: POST https://api.telegram.org/bot8204341583:AAFSPkKDrB6pbllz7CTKbRp7EVA9NbgfDJY/getUpdates "HTTP/1.1 200 OK"
2026-03-06 01:09:07,626 - httpx - INFO - HTTP Request: POST https://api.telegram.org/bot8204341583:AAFSPkKDrB6pbllz7CTKbRp7EVA9NbgfDJY/getUpdates "HTTP/1.1 200 OK"
2026-03-06 01:09:17,668 - httpx - INFO - HTTP Request: POST https://api.telegram.org/bot8204341583:AAFSPkKDrB6pbllz7CTKbRp7EVA9NbgfDJY/getUpdates "HTTP/1.1 200 OK"
2026-03-06 01:09:27,787 - httpx - INFO - HTTP Request: POST https://api.telegram.org/bot8204341583:AAFSPkKDrB6pbllz7CTKbRp7EVA9NbgfDJY/getUpdates "HTTP/1.1 200 OK"
2026-03-06 01:09:38,028 - httpx - INFO - HTTP Request: POST https://api.telegram.org/bot8204341583:AAFSPkKDrB6pbllz7CTKbRp7EVA9NbgfDJY/getUpdates "HTTP/1.1 200 OK"
2026-03-06 01:09:48,165 - httpx - INFO - HTTP Request: POST https://api.telegram.org/bot8204341583:AAFSPkKDrB6pbllz7CTKbRp7EVA9NbgfDJY/getUpdates "HTTP/1.1 200 OK"
2026-03-06 01:09:58,405 - httpx - INFO - HTTP Request: POST https://api.telegram.org/bot8204341583:AAFSPkKDrB6pbllz7CTKbRp7EVA9NbgfDJY/getUpdates "HTTP/1.1 200 OK"
2026-03-06 01:10:08,543 - httpx - INFO - HTTP Request: POST https://api.telegram.org/bot8204341583:AAFSPkKDrB6pbllz7CTKbRp7EVA9NbgfDJY/getUpdates "HTTP/1.1 200 OK"
2026-03-06 01:10:18,680 - httpx - INFO - HTTP Request: POST https://api.telegram.org/bot8204341583:AAFSPkKDrB6pbllz7CTKbRp7EVA9NbgfDJY/getUpdates "HTTP/1.1 200 OK"
2026-03-06 01:10:28,818 - httpx - INFO - HTTP Request: POST https://api.telegram.org/bot8204341583:AAFSPkKDrB6pbllz7CTKbRp7EVA9NbgfDJY/getUpdates "HTTP/1.1 200 OK"
2026-03-06 01:10:38,956 - httpx - INFO - HTTP Request: POST https://api.telegram.org/bot8204341583:AAFSPkKDrB6pbllz7CTKbRp7EVA9NbgfDJY/getUpdates "HTTP/1.1 200 OK"
2026-03-06 01:10:49,093 - httpx - INFO - HTTP Request: POST https://api.telegram.org/bot8204341583:AAFSPkKDrB6pbllz7CTKbRp7EVA9NbgfDJY/getUpdates "HTTP/1.1 200 OK"
2026-03-06 01:10:59,193 - httpx - INFO - HTTP Request: POST https://api.telegram.org/bot8204341583:AAFSPkKDrB6pbllz7CTKbRp7EVA9NbgfDJY/getUpdates "HTTP/1.1 200 OK"
2026-03-06 01:11:09,267 - httpx - INFO - HTTP Request: POST https://api.telegram.org/bot8204341583:AAFSPkKDrB6pbllz7CTKbRp7EVA9NbgfDJY/getUpdates "HTTP/1.1 200 OK"
2026-03-06 01:11:19,306 - httpx - INFO - HTTP Request: POST https://api.telegram.org/bot8204341583:AAFSPkKDrB6pbllz7CTKbRp7EVA9NbgfDJY/getUpdates "HTTP/1.1 200 OK"
2026-03-06 01:11:29,440 - httpx - INFO - HTTP Request: POST https://api.telegram.org/bot8204341583:AAFSPkKDrB6pbllz7CTKbRp7EVA9NbgfDJY/getUpdates "HTTP/1.1 200 OK"
2026-03-06 01:11:39,578 - httpx - INFO - HTTP Request: POST https://api.telegram.org/bot8204341583:AAFSPkKDrB6pbllz7CTKbRp7EVA9NbgfDJY/getUpdates "HTTP/1.1 200 OK"
2026-03-06 01:11:49,618 - httpx - INFO - HTTP Request: POST https://api.telegram.org/bot8204341583:AAFSPkKDrB6pbllz7CTKbRp7EVA9NbgfDJY/getUpdates "HTTP/1.1 200 OK"
2026-03-06 01:11:59,727 - httpx - INFO - HTTP Request: POST https://api.telegram.org/bot8204341583:AAFSPkKDrB6pbllz7CTKbRp7EVA9NbgfDJY/getUpdates "HTTP/1.1 200 OK"
2026-03-06 01:12:09,783 - httpx - INFO - HTTP Request: POST https://api.telegram.org/bot8204341583:AAFSPkKDrB6pbllz7CTKbRp7EVA9NbgfDJY/getUpdates "HTTP/1.1 200 OK"
2026-03-06 01:12:20,025 - httpx - INFO - HTTP Request: POST https://api.telegram.org/bot8204341583:AAFSPkKDrB6pbllz7CTKbRp7EVA9NbgfDJY/getUpdates "HTTP/1.1 200 OK"
2026-03-06 01:12:30,163 - httpx - INFO - HTTP Request: POST https://api.telegram.org/bot8204341583:AAFSPkKDrB6pbllz7CTKbRp7EVA9NbgfDJY/getUpdates "HTTP/1.1 200 OK"
2026-03-06 01:12:40,403 - httpx - INFO - HTTP Request: POST https://api.telegram.org/bot8204341583:AAFSPkKDrB6pbllz7CTKbRp7EVA9NbgfDJY/getUpdates "HTTP/1.1 200 OK"
2026-03-06 01:12:50,540 - httpx - INFO - HTTP Request: POST https://api.telegram.org/bot8204341583:AAFSPkKDrB6pbllz7CTKbRp7EVA9NbgfDJY/getUpdates "HTTP/1.1 200 OK"
2026-03-06 01:13:00,585 - httpx - INFO - HTTP Request: POST https://api.telegram.org/bot8204341583:AAFSPkKDrB6pbllz7CTKbRp7EVA9NbgfDJY/getUpdates "HTTP/1.1 200 OK"
2026-03-06 01:13:10,816 - httpx - INFO - HTTP Request: POST https://api.telegram.org/bot8204341583:AAFSPkKDrB6pbllz7CTKbRp7EVA9NbgfDJY/getUpdates "HTTP/1.1 200 OK"
2026-03-06 01:13:20,953 - httpx - INFO - HTTP Request: POST https://api.telegram.org/bot8204341583:AAFSPkKDrB6pbllz7CTKbRp7EVA9NbgfDJY/getUpdates "HTTP/1.1 200 OK"
2026-03-06 01:13:31,091 - httpx - INFO - HTTP Request: POST https://api.telegram.org/bot8204341583:AAFSPkKDrB6pbllz7CTKbRp7EVA9NbgfDJY/getUpdates "HTTP/1.1 200 OK"
2026-03-06 01:13:41,198 - httpx - INFO - HTTP Request: POST https://api.telegram.org/bot8204341583:AAFSPkKDrB6pbllz7CTKbRp7EVA9NbgfDJY/getUpdates "HTTP/1.1 200 OK"
2026-03-06 01:13:51,268 - httpx - INFO - HTTP Request: POST https://api.telegram.org/bot8204341583:AAFSPkKDrB6pbllz7CTKbRp7EVA9NbgfDJY/getUpdates "HTTP/1.1 200 OK"
2026-03-06 01:14:01,400 - httpx - INFO - HTTP Request: POST https://api.telegram.org/bot8204341583:AAFSPkKDrB6pbllz7CTKbRp7EVA9NbgfDJY/getUpdates "HTTP/1.1 200 OK"
2026-03-06 01:14:11,641 - httpx - INFO - HTTP Request: POST https://api.telegram.org/bot8204341583:AAFSPkKDrB6pbllz7CTKbRp7EVA9NbgfDJY/getUpdates "HTTP/1.1 200 OK"
2026-03-06 01:14:21,778 - httpx - INFO - HTTP Request: POST https://api.telegram.org/bot8204341583:AAFSPkKDrB6pbllz7CTKbRp7EVA9NbgfDJY/getUpdates "HTTP/1.1 200 OK"
2026-03-06 01:14:31,915 - httpx - INFO - HTTP Request: POST https://api.telegram.org/bot8204341583:AAFSPkKDrB6pbllz7CTKbRp7EVA9NbgfDJY/getUpdates "HTTP/1.1 200 OK"
2026-03-06 01:14:42,053 - httpx - INFO - HTTP Request: POST https://api.telegram.org/bot8204341583:AAFSPkKDrB6pbllz7CTKbRp7EVA9NbgfDJY/getUpdates "HTTP/1.1 200 OK"
2026-03-06 01:14:52,092 - httpx - INFO - HTTP Request: POST https://api.telegram.org/bot8204341583:AAFSPkKDrB6pbllz7CTKbRp7EVA9NbgfDJY/getUpdates "HTTP/1.1 200 OK"
2026-03-06 01:15:02,141 - httpx - INFO - HTTP Request: POST https://api.telegram.org/bot8204341583:AAFSPkKDrB6pbllz7CTKbRp7EVA9NbgfDJY/getUpdates "HTTP/1.1 200 OK"
2026-03-06 01:15:12,184 - httpx - INFO - HTTP Request: POST https://api.telegram.org/bot8204341583:AAFSPkKDrB6pbllz7CTKbRp7EVA9NbgfDJY/getUpdates "HTTP/1.1 200 OK"
2026-03-06 01:15:22,385 - httpx - INFO - HTTP Request: POST https://api.telegram.org/bot8204341583:AAFSPkKDrB6pbllz7CTKbRp7EVA9NbgfDJY/getUpdates "HTTP/1.1 200 OK"
2026-03-06 01:15:32,434 - httpx - INFO - HTTP Request: POST https://api.telegram.org/bot8204341583:AAFSPkKDrB6pbllz7CTKbRp7EVA9NbgfDJY/getUpdates "HTTP/1.1 200 OK"
2026-03-06 01:15:42,471 - httpx - INFO - HTTP Request: POST https://api.telegram.org/bot8204341583:AAFSPkKDrB6pbllz7CTKbRp7EVA9NbgfDJY/getUpdates "HTTP/1.1 200 OK"
2026-03-06 01:15:52,606 - httpx - INFO - HTTP Request: POST https://api.telegram.org/bot8204341583:AAFSPkKDrB6pbllz7CTKbRp7EVA9NbgfDJY/getUpdates "HTTP/1.1 200 OK"
2026-03-06 01:16:02,847 - httpx - INFO - HTTP Request: POST https://api.telegram.org/bot8204341583:AAFSPkKDrB6pbllz7CTKbRp7EVA9NbgfDJY/getUpdates "HTTP/1.1 200 OK"
2026-03-06 01:16:12,985 - httpx - INFO - HTTP Request: POST https://api.telegram.org/bot8204341583:AAFSPkKDrB6pbllz7CTKbRp7EVA9NbgfDJY/getUpdates "HTTP/1.1 200 OK"
2026-03-06 01:16:23,205 - httpx - INFO - HTTP Request: POST https://api.telegram.org/bot8204341583:AAFSPkKDrB6pbllz7CTKbRp7EVA9NbgfDJY/getUpdates "HTTP/1.1 200 OK"
2026-03-06 01:16:33,261 - httpx - INFO - HTTP Request: POST https://api.telegram.org/bot8204341583:AAFSPkKDrB6pbllz7CTKbRp7EVA9NbgfDJY/getUpdates "HTTP/1.1 200 OK"
2026-03-06 01:16:43,398 - httpx - INFO - HTTP Request: POST https://api.telegram.org/bot8204341583:AAFSPkKDrB6pbllz7CTKbRp7EVA9NbgfDJY/getUpdates "HTTP/1.1 200 OK"
2026-03-06 01:16:53,614 - httpx - INFO - HTTP Request: POST https://api.telegram.org/bot8204341583:AAFSPkKDrB6pbllz7CTKbRp7EVA9NbgfDJY/getUpdates "HTTP/1.1 200 OK"
2026-03-06 01:17:03,674 - httpx - INFO - HTTP Request: POST https://api.telegram.org/bot8204341583:AAFSPkKDrB6pbllz7CTKbRp7EVA9NbgfDJY/getUpdates "HTTP/1.1 200 OK"
2026-03-06 01:17:13,739 - httpx - INFO - HTTP Request: POST https://api.telegram.org/bot8204341583:AAFSPkKDrB6pbllz7CTKbRp7EVA9NbgfDJY/getUpdates "HTTP/1.1 200 OK"
2026-03-06 01:17:23,846 - httpx - INFO - HTTP Request: POST https://api.telegram.org/bot8204341583:AAFSPkKDrB6pbllz7CTKbRp7EVA9NbgfDJY/getUpdates "HTTP/1.1 200 OK"
2026-03-06 01:17:33,983 - httpx - INFO - HTTP Request: POST https://api.telegram.org/bot8204341583:AAFSPkKDrB6pbllz7CTKbRp7EVA9NbgfDJY/getUpdates "HTTP/1.1 200 OK"
2026-03-06 01:17:44,122 - httpx - INFO - HTTP Request: POST https://api.telegram.org/bot8204341583:AAFSPkKDrB6pbllz7CTKbRp7EVA9NbgfDJY/getUpdates "HTTP/1.1 200 OK"
2026-03-06 01:17:54,161 - httpx - INFO - HTTP Request: POST https://api.telegram.org/bot8204341583:AAFSPkKDrB6pbllz7CTKbRp7EVA9NbgfDJY/getUpdates "HTTP/1.1 200 OK"
2026-03-06 01:18:04,202 - httpx - INFO - HTTP Request: POST https://api.telegram.org/bot8204341583:AAFSPkKDrB6pbllz7CTKbRp7EVA9NbgfDJY/getUpdates "HTTP/1.1 200 OK"
2026-03-06 01:18:14,433 - httpx - INFO - HTTP Request: POST https://api.telegram.org/bot8204341583:AAFSPkKDrB6pbllz7CTKbRp7EVA9NbgfDJY/getUpdates "HTTP/1.1 200 OK"
2026-03-06 01:18:24,478 - httpx - INFO - HTTP Request: POST https://api.telegram.org/bot8204341583:AAFSPkKDrB6pbllz7CTKbRp7EVA9NbgfDJY/getUpdates "HTTP/1.1 200 OK"
2026-03-06 01:18:34,606 - httpx - INFO - HTTP Request: POST https://api.telegram.org/bot8204341583:AAFSPkKDrB6pbllz7CTKbRp7EVA9NbgfDJY/getUpdates "HTTP/1.1 200 OK"
2026-03-06 01:18:44,645 - httpx - INFO - HTTP Request: POST https://api.telegram.org/bot8204341583:AAFSPkKDrB6pbllz7CTKbRp7EVA9NbgfDJY/getUpdates "HTTP/1.1 200 OK"
2026-03-06 01:18:54,725 - httpx - INFO - HTTP Request: POST https://api.telegram.org/bot8204341583:AAFSPkKDrB6pbllz7CTKbRp7EVA9NbgfDJY/getUpdates "HTTP/1.1 200 OK"
2026-03-06 01:19:04,815 - httpx - INFO - HTTP Request: POST https://api.telegram.org/bot8204341583:AAFSPkKDrB6pbllz7CTKbRp7EVA9NbgfDJY/getUpdates "HTTP/1.1 200 OK"
2026-03-06 01:19:14,953 - httpx - INFO - HTTP Request: POST https://api.telegram.org/bot8204341583:AAFSPkKDrB6pbllz7CTKbRp7EVA9NbgfDJY/getUpdates "HTTP/1.1 200 OK"
2026-03-06 01:19:24,989 - httpx - INFO - HTTP Request: POST https://api.telegram.org/bot8204341583:AAFSPkKDrB6pbllz7CTKbRp7EVA9NbgfDJY/getUpdates "HTTP/1.1 200 OK"
2026-03-06 01:19:35,095 - httpx - INFO - HTTP Request: POST https://api.telegram.org/bot8204341583:AAFSPkKDrB6pbllz7CTKbRp7EVA9NbgfDJY/getUpdates "HTTP/1.1 200 OK"
2026-03-06 01:19:45,162 - httpx - INFO - HTTP Request: POST https://api.telegram.org/bot8204341583:AAFSPkKDrB6pbllz7CTKbRp7EVA9NbgfDJY/getUpdates "HTTP/1.1 200 OK"
2026-03-06 01:19:55,197 - httpx - INFO - HTTP Request: POST https://api.telegram.org/bot8204341583:AAFSPkKDrB6pbllz7CTKbRp7EVA9NbgfDJY/getUpdates "HTTP/1.1 200 OK"
2026-03-06 01:20:05,333 - httpx - INFO - HTTP Request: POST https://api.telegram.org/bot8204341583:AAFSPkKDrB6pbllz7CTKbRp7EVA9NbgfDJY/getUpdates "HTTP/1.1 200 OK"
2026-03-06 01:20:15,370 - httpx - INFO - HTTP Request: POST https://api.telegram.org/bot8204341583:AAFSPkKDrB6pbllz7CTKbRp7EVA9NbgfDJY/getUpdates "HTTP/1.1 200 OK"
2026-03-06 01:20:25,508 - httpx - INFO - HTTP Request: POST https://api.telegram.org/bot8204341583:AAFSPkKDrB6pbllz7CTKbRp7EVA9NbgfDJY/getUpdates "HTTP/1.1 200 OK"
2026-03-06 01:20:35,560 - httpx - INFO - HTTP Request: POST https://api.telegram.org/bot8204341583:AAFSPkKDrB6pbllz7CTKbRp7EVA9NbgfDJY/getUpdates "HTTP/1.1 200 OK"
2026-03-06 01:20:45,681 - httpx - INFO - HTTP Request: POST https://api.telegram.org/bot8204341583:AAFSPkKDrB6pbllz7CTKbRp7EVA9NbgfDJY/getUpdates "HTTP/1.1 200 OK"
2026-03-06 01:20:55,721 - httpx - INFO - HTTP Request: POST https://api.telegram.org/bot8204341583:AAFSPkKDrB6pbllz7CTKbRp7EVA9NbgfDJY/getUpdates "HTTP/1.1 200 OK"
2026-03-06 01:21:05,855 - httpx - INFO - HTTP Request: POST https://api.telegram.org/bot8204341583:AAFSPkKDrB6pbllz7CTKbRp7EVA9NbgfDJY/getUpdates "HTTP/1.1 200 OK"
2026-03-06 01:21:15,993 - httpx - INFO - HTTP Request: POST https://api.telegram.org/bot8204341583:AAFSPkKDrB6pbllz7CTKbRp7EVA9NbgfDJY/getUpdates "HTTP/1.1 200 OK"
2026-03-06 01:21:26,130 - httpx - INFO - HTTP Request: POST https://api.telegram.org/bot8204341583:AAFSPkKDrB6pbllz7CTKbRp7EVA9NbgfDJY/getUpdates "HTTP/1.1 200 OK"
2026-03-06 01:21:36,268 - httpx - INFO - HTTP Request: POST https://api.telegram.org/bot8204341583:AAFSPkKDrB6pbllz7CTKbRp7EVA9NbgfDJY/getUpdates "HTTP/1.1 200 OK"
2026-03-06 01:21:46,406 - httpx - INFO - HTTP Request: POST https://api.telegram.org/bot8204341583:AAFSPkKDrB6pbllz7CTKbRp7EVA9NbgfDJY/getUpdates "HTTP/1.1 200 OK"
2026-03-06 01:21:56,543 - httpx - INFO - HTTP Request: POST https://api.telegram.org/bot8204341583:AAFSPkKDrB6pbllz7CTKbRp7EVA9NbgfDJY/getUpdates "HTTP/1.1 200 OK"
2026-03-06 01:22:06,681 - httpx - INFO - HTTP Request: POST https://api.telegram.org/bot8204341583:AAFSPkKDrB6pbllz7CTKbRp7EVA9NbgfDJY/getUpdates "HTTP/1.1 200 OK"
2026-03-06 01:22:16,818 - httpx - INFO - HTTP Request: POST https://api.telegram.org/bot8204341583:AAFSPkKDrB6pbllz7CTKbRp7EVA9NbgfDJY/getUpdates "HTTP/1.1 200 OK"
2026-03-06 01:22:26,956 - httpx - INFO - HTTP Request: POST https://api.telegram.org/bot8204341583:AAFSPkKDrB6pbllz7CTKbRp7EVA9NbgfDJY/getUpdates "HTTP/1.1 200 OK"
2026-03-06 01:22:37,022 - httpx - INFO - HTTP Request: POST https://api.telegram.org/bot8204341583:AAFSPkKDrB6pbllz7CTKbRp7EVA9NbgfDJY/getUpdates "HTTP/1.1 200 OK"
2026-03-06 01:22:47,129 - httpx - INFO - HTTP Request: POST https://api.telegram.org/bot8204341583:AAFSPkKDrB6pbllz7CTKbRp7EVA9NbgfDJY/getUpdates "HTTP/1.1 200 OK"
2026-03-06 01:22:57,267 - httpx - INFO - HTTP Request: POST https://api.telegram.org/bot8204341583:AAFSPkKDrB6pbllz7CTKbRp7EVA9NbgfDJY/getUpdates "HTTP/1.1 200 OK"
2026-03-06 01:23:07,305 - httpx - INFO - HTTP Request: POST https://api.telegram.org/bot8204341583:AAFSPkKDrB6pbllz7CTKbRp7EVA9NbgfDJY/getUpdates "HTTP/1.1 200 OK"
2026-03-06 01:23:17,440 - httpx - INFO - HTTP Request: POST https://api.telegram.org/bot8204341583:AAFSPkKDrB6pbllz7CTKbRp7EVA9NbgfDJY/getUpdates "HTTP/1.1 200 OK"
2026-03-06 01:23:27,544 - httpx - INFO - HTTP Request: POST https://api.telegram.org/bot8204341583:AAFSPkKDrB6pbllz7CTKbRp7EVA9NbgfDJY/getUpdates "HTTP/1.1 200 OK"
2026-03-06 01:23:37,612 - httpx - INFO - HTTP Request: POST https://api.telegram.org/bot8204341583:AAFSPkKDrB6pbllz7CTKbRp7EVA9NbgfDJY/getUpdates "HTTP/1.1 200 OK"
2026-03-06 01:23:47,650 - httpx - INFO - HTTP Request: POST https://api.telegram.org/bot8204341583:AAFSPkKDrB6pbllz7CTKbRp7EVA9NbgfDJY/getUpdates "HTTP/1.1 200 OK"
2026-03-06 01:23:57,765 - httpx - INFO - HTTP Request: POST https://api.telegram.org/bot8204341583:AAFSPkKDrB6pbllz7CTKbRp7EVA9NbgfDJY/getUpdates "HTTP/1.1 200 OK"
2026-03-06 01:24:07,820 - httpx - INFO - HTTP Request: POST https://api.telegram.org/bot8204341583:AAFSPkKDrB6pbllz7CTKbRp7EVA9NbgfDJY/getUpdates "HTTP/1.1 200 OK"
2026-03-06 01:24:17,862 - httpx - INFO - HTTP Request: POST https://api.telegram.org/bot8204341583:AAFSPkKDrB6pbllz7CTKbRp7EVA9NbgfDJY/getUpdates "HTTP/1.1 200 OK"
2026-03-06 01:24:27,903 - httpx - INFO - HTTP Request: POST https://api.telegram.org/bot8204341583:AAFSPkKDrB6pbllz7CTKbRp7EVA9NbgfDJY/getUpdates "HTTP/1.1 200 OK"
2026-03-06 01:24:38,029 - httpx - INFO - HTTP Request: POST https://api.telegram.org/bot8204341583:AAFSPkKDrB6pbllz7CTKbRp7EVA9NbgfDJY/getUpdates "HTTP/1.1 200 OK"
2026-03-06 01:24:48,167 - httpx - INFO - HTTP Request: POST https://api.telegram.org/bot8204341583:AAFSPkKDrB6pbllz7CTKbRp7EVA9NbgfDJY/getUpdates "HTTP/1.1 200 OK"
2026-03-06 01:24:58,304 - httpx - INFO - HTTP Request: POST https://api.telegram.org/bot8204341583:AAFSPkKDrB6pbllz7CTKbRp7EVA9NbgfDJY/getUpdates "HTTP/1.1 200 OK"
2026-03-06 01:25:08,441 - httpx - INFO - HTTP Request: POST https://api.telegram.org/bot8204341583:AAFSPkKDrB6pbllz7CTKbRp7EVA9NbgfDJY/getUpdates "HTTP/1.1 200 OK"
2026-03-06 01:25:18,579 - httpx - INFO - HTTP Request: POST https://api.telegram.org/bot8204341583:AAFSPkKDrB6pbllz7CTKbRp7EVA9NbgfDJY/getUpdates "HTTP/1.1 200 OK"
2026-03-06 01:25:28,717 - httpx - INFO - HTTP Request: POST https://api.telegram.org/bot8204341583:AAFSPkKDrB6pbllz7CTKbRp7EVA9NbgfDJY/getUpdates "HTTP/1.1 200 OK"
2026-03-06 01:25:38,855 - httpx - INFO - HTTP Request: POST https://api.telegram.org/bot8204341583:AAFSPkKDrB6pbllz7CTKbRp7EVA9NbgfDJY/getUpdates "HTTP/1.1 200 OK"
2026-03-06 01:25:48,992 - httpx - INFO - HTTP Request: POST https://api.telegram.org/bot8204341583:AAFSPkKDrB6pbllz7CTKbRp7EVA9NbgfDJY/getUpdates "HTTP/1.1 200 OK"
2026-03-06 01:25:59,065 - httpx - INFO - HTTP Request: POST https://api.telegram.org/bot8204341583:AAFSPkKDrB6pbllz7CTKbRp7EVA9NbgfDJY/getUpdates "HTTP/1.1 200 OK"
2026-03-06 01:26:09,164 - httpx - INFO - HTTP Request: POST https://api.telegram.org/bot8204341583:AAFSPkKDrB6pbllz7CTKbRp7EVA9NbgfDJY/getUpdates "HTTP/1.1 200 OK"
2026-03-06 01:26:19,405 - httpx - INFO - HTTP Request: POST https://api.telegram.org/bot8204341583:AAFSPkKDrB6pbllz7CTKbRp7EVA9NbgfDJY/getUpdates "HTTP/1.1 200 OK"
2026-03-06 01:26:29,543 - httpx - INFO - HTTP Request: POST https://api.telegram.org/bot8204341583:AAFSPkKDrB6pbllz7CTKbRp7EVA9NbgfDJY/getUpdates "HTTP/1.1 200 OK"
2026-03-06 01:26:39,629 - httpx - INFO - HTTP Request: POST https://api.telegram.org/bot8204341583:AAFSPkKDrB6pbllz7CTKbRp7EVA9NbgfDJY/getUpdates "HTTP/1.1 200 OK"
2026-03-06 01:26:49,818 - httpx - INFO - HTTP Request: POST https://api.telegram.org/bot8204341583:AAFSPkKDrB6pbllz7CTKbRp7EVA9NbgfDJY/getUpdates "HTTP/1.1 200 OK"
2026-03-06 01:26:59,962 - httpx - INFO - HTTP Request: POST https://api.telegram.org/bot8204341583:AAFSPkKDrB6pbllz7CTKbRp7EVA9NbgfDJY/getUpdates "HTTP/1.1 200 OK"
2026-03-06 01:27:10,181 - httpx - INFO - HTTP Request: POST https://api.telegram.org/bot8204341583:AAFSPkKDrB6pbllz7CTKbRp7EVA9NbgfDJY/getUpdates "HTTP/1.1 200 OK"
2026-03-06 01:27:20,231 - httpx - INFO - HTTP Request: POST https://api.telegram.org/bot8204341583:AAFSPkKDrB6pbllz7CTKbRp7EVA9NbgfDJY/getUpdates "HTTP/1.1 200 OK"
2026-03-06 01:27:30,278 - httpx - INFO - HTTP Request: POST https://api.telegram.org/bot8204341583:AAFSPkKDrB6pbllz7CTKbRp7EVA9NbgfDJY/getUpdates "HTTP/1.1 200 OK"
2026-03-06 01:27:40,391 - httpx - INFO - HTTP Request: POST https://api.telegram.org/bot8204341583:AAFSPkKDrB6pbllz7CTKbRp7EVA9NbgfDJY/getUpdates "HTTP/1.1 200 OK"
2026-03-06 01:27:50,439 - httpx - INFO - HTTP Request: POST https://api.telegram.org/bot8204341583:AAFSPkKDrB6pbllz7CTKbRp7EVA9NbgfDJY/getUpdates "HTTP/1.1 200 OK"
2026-03-06 01:28:00,577 - httpx - INFO - HTTP Request: POST https://api.telegram.org/bot8204341583:AAFSPkKDrB6pbllz7CTKbRp7EVA9NbgfDJY/getUpdates "HTTP/1.1 200 OK"
2026-03-06 01:28:10,622 - httpx - INFO - HTTP Request: POST https://api.telegram.org/bot8204341583:AAFSPkKDrB6pbllz7CTKbRp7EVA9NbgfDJY/getUpdates "HTTP/1.1 200 OK"
2026-03-06 01:28:20,749 - httpx - INFO - HTTP Request: POST https://api.telegram.org/bot8204341583:AAFSPkKDrB6pbllz7CTKbRp7EVA9NbgfDJY/getUpdates "HTTP/1.1 200 OK"
2026-03-06 01:28:30,990 - httpx - INFO - HTTP Request: POST https://api.telegram.org/bot8204341583:AAFSPkKDrB6pbllz7CTKbRp7EVA9NbgfDJY/getUpdates "HTTP/1.1 200 OK"
2026-03-06 01:28:41,127 - httpx - INFO - HTTP Request: POST https://api.telegram.org/bot8204341583:AAFSPkKDrB6pbllz7CTKbRp7EVA9NbgfDJY/getUpdates "HTTP/1.1 200 OK"
2026-03-06 01:28:51,265 - httpx - INFO - HTTP Request: POST https://api.telegram.org/bot8204341583:AAFSPkKDrB6pbllz7CTKbRp7EVA9NbgfDJY/getUpdates "HTTP/1.1 200 OK"
2026-03-06 01:29:01,327 - httpx - INFO - HTTP Request: POST https://api.telegram.org/bot8204341583:AAFSPkKDrB6pbllz7CTKbRp7EVA9NbgfDJY/getUpdates "HTTP/1.1 200 OK"
2026-03-06 01:29:11,437 - httpx - INFO - HTTP Request: POST https://api.telegram.org/bot8204341583:AAFSPkKDrB6pbllz7CTKbRp7EVA9NbgfDJY/getUpdates "HTTP/1.1 200 OK"
2026-03-06 01:29:21,574 - httpx - INFO - HTTP Request: POST https://api.telegram.org/bot8204341583:AAFSPkKDrB6pbllz7CTKbRp7EVA9NbgfDJY/getUpdates "HTTP/1.1 200 OK"
2026-03-06 01:29:31,816 - httpx - INFO - HTTP Request: POST https://api.telegram.org/bot8204341583:AAFSPkKDrB6pbllz7CTKbRp7EVA9NbgfDJY/getUpdates "HTTP/1.1 200 OK"
2026-03-06 01:29:41,953 - httpx - INFO - HTTP Request: POST https://api.telegram.org/bot8204341583:AAFSPkKDrB6pbllz7CTKbRp7EVA9NbgfDJY/getUpdates "HTTP/1.1 200 OK"
2026-03-06 01:29:52,091 - httpx - INFO - HTTP Request: POST https://api.telegram.org/bot8204341583:AAFSPkKDrB6pbllz7CTKbRp7EVA9NbgfDJY/getUpdates "HTTP/1.1 200 OK"
2026-03-06 01:30:02,228 - httpx - INFO - HTTP Request: POST https://api.telegram.org/bot8204341583:AAFSPkKDrB6pbllz7CTKbRp7EVA9NbgfDJY/getUpdates "HTTP/1.1 200 OK"
2026-03-06 01:30:12,366 - httpx - INFO - HTTP Request: POST https://api.telegram.org/bot8204341583:AAFSPkKDrB6pbllz7CTKbRp7EVA9NbgfDJY/getUpdates "HTTP/1.1 200 OK"
2026-03-06 01:30:22,503 - httpx - INFO - HTTP Request: POST https://api.telegram.org/bot8204341583:AAFSPkKDrB6pbllz7CTKbRp7EVA9NbgfDJY/getUpdates "HTTP/1.1 200 OK"
2026-03-06 01:30:32,642 - httpx - INFO - HTTP Request: POST https://api.telegram.org/bot8204341583:AAFSPkKDrB6pbllz7CTKbRp7EVA9NbgfDJY/getUpdates "HTTP/1.1 200 OK"
2026-03-06 01:30:42,779 - httpx - INFO - HTTP Request: POST https://api.telegram.org/bot8204341583:AAFSPkKDrB6pbllz7CTKbRp7EVA9NbgfDJY/getUpdates "HTTP/1.1 200 OK"
2026-03-06 01:30:52,917 - httpx - INFO - HTTP Request: POST https://api.telegram.org/bot8204341583:AAFSPkKDrB6pbllz7CTKbRp7EVA9NbgfDJY/getUpdates "HTTP/1.1 200 OK"
2026-03-06 01:31:03,054 - httpx - INFO - HTTP Request: POST https://api.telegram.org/bot8204341583:AAFSPkKDrB6pbllz7CTKbRp7EVA9NbgfDJY/getUpdates "HTTP/1.1 200 OK"
2026-03-06 01:31:13,191 - httpx - INFO - HTTP Request: POST https://api.telegram.org/bot8204341583:AAFSPkKDrB6pbllz7CTKbRp7EVA9NbgfDJY/getUpdates "HTTP/1.1 200 OK"
2026-03-06 01:31:23,229 - httpx - INFO - HTTP Request: POST https://api.telegram.org/bot8204341583:AAFSPkKDrB6pbllz7CTKbRp7EVA9NbgfDJY/getUpdates "HTTP/1.1 200 OK"
2026-03-06 01:31:33,467 - httpx - INFO - HTTP Request: POST https://api.telegram.org/bot8204341583:AAFSPkKDrB6pbllz7CTKbRp7EVA9NbgfDJY/getUpdates "HTTP/1.1 200 OK"
2026-03-06 01:31:43,605 - httpx - INFO - HTTP Request: POST https://api.telegram.org/bot8204341583:AAFSPkKDrB6pbllz7CTKbRp7EVA9NbgfDJY/getUpdates "HTTP/1.1 200 OK"
2026-03-06 01:31:53,645 - httpx - INFO - HTTP Request: POST https://api.telegram.org/bot8204341583:AAFSPkKDrB6pbllz7CTKbRp7EVA9NbgfDJY/getUpdates "HTTP/1.1 200 OK"
2026-03-06 01:32:03,879 - httpx - INFO - HTTP Request: POST https://api.telegram.org/bot8204341583:AAFSPkKDrB6pbllz7CTKbRp7EVA9NbgfDJY/getUpdates "HTTP/1.1 200 OK"
2026-03-06 01:32:14,017 - httpx - INFO - HTTP Request: POST https://api.telegram.org/bot8204341583:AAFSPkKDrB6pbllz7CTKbRp7EVA9NbgfDJY/getUpdates "HTTP/1.1 200 OK"
2026-03-06 01:32:24,070 - httpx - INFO - HTTP Request: POST https://api.telegram.org/bot8204341583:AAFSPkKDrB6pbllz7CTKbRp7EVA9NbgfDJY/getUpdates "HTTP/1.1 200 OK"
2026-03-06 01:32:34,293 - httpx - INFO - HTTP Request: POST https://api.telegram.org/bot8204341583:AAFSPkKDrB6pbllz7CTKbRp7EVA9NbgfDJY/getUpdates "HTTP/1.1 200 OK"
2026-03-06 01:32:44,434 - httpx - INFO - HTTP Request: POST https://api.telegram.org/bot8204341583:AAFSPkKDrB6pbllz7CTKbRp7EVA9NbgfDJY/getUpdates "HTTP/1.1 200 OK"
2026-03-06 01:32:54,849 - httpx - INFO - HTTP Request: POST https://api.telegram.org/bot8204341583:AAFSPkKDrB6pbllz7CTKbRp7EVA9NbgfDJY/getUpdates "HTTP/1.1 200 OK"
2026-03-06 01:33:04,911 - httpx - INFO - HTTP Request: POST https://api.telegram.org/bot8204341583:AAFSPkKDrB6pbllz7CTKbRp7EVA9NbgfDJY/getUpdates "HTTP/1.1 200 OK"
2026-03-06 01:33:15,151 - httpx - INFO - HTTP Request: POST https://api.telegram.org/bot8204341583:AAFSPkKDrB6pbllz7CTKbRp7EVA9NbgfDJY/getUpdates "HTTP/1.1 200 OK"
2026-03-06 01:33:25,211 - httpx - INFO - HTTP Request: POST https://api.telegram.org/bot8204341583:AAFSPkKDrB6pbllz7CTKbRp7EVA9NbgfDJY/getUpdates "HTTP/1.1 200 OK"
2026-03-06 01:33:35,324 - httpx - INFO - HTTP Request: POST https://api.telegram.org/bot8204341583:AAFSPkKDrB6pbllz7CTKbRp7EVA9NbgfDJY/getUpdates "HTTP/1.1 200 OK"
2026-03-06 01:33:45,666 - httpx - INFO - HTTP Request: POST https://api.telegram.org/bot8204341583:AAFSPkKDrB6pbllz7CTKbRp7EVA9NbgfDJY/getUpdates "HTTP/1.1 200 OK"
2026-03-06 01:33:55,706 - httpx - INFO - HTTP Request: POST https://api.telegram.org/bot8204341583:AAFSPkKDrB6pbllz7CTKbRp7EVA9NbgfDJY/getUpdates "HTTP/1.1 200 OK"
2026-03-06 01:34:05,839 - httpx - INFO - HTTP Request: POST https://api.telegram.org/bot8204341583:AAFSPkKDrB6pbllz7CTKbRp7EVA9NbgfDJY/getUpdates "HTTP/1.1 200 OK"
2026-03-06 01:34:15,906 - httpx - INFO - HTTP Request: POST https://api.telegram.org/bot8204341583:AAFSPkKDrB6pbllz7CTKbRp7EVA9NbgfDJY/getUpdates "HTTP/1.1 200 OK"
2026-03-06 01:34:25,946 - httpx - INFO - HTTP Request: POST https://api.telegram.org/bot8204341583:AAFSPkKDrB6pbllz7CTKbRp7EVA9NbgfDJY/getUpdates "HTTP/1.1 200 OK"
2026-03-06 01:34:36,048 - httpx - INFO - HTTP Request: POST https://api.telegram.org/bot8204341583:AAFSPkKDrB6pbllz7CTKbRp7EVA9NbgfDJY/getUpdates "HTTP/1.1 200 OK"
2026-03-06 01:34:46,185 - httpx - INFO - HTTP Request: POST https://api.telegram.org/bot8204341583:AAFSPkKDrB6pbllz7CTKbRp7EVA9NbgfDJY/getUpdates "HTTP/1.1 200 OK"
2026-03-06 01:34:56,324 - httpx - INFO - HTTP Request: POST https://api.telegram.org/bot8204341583:AAFSPkKDrB6pbllz7CTKbRp7EVA9NbgfDJY/getUpdates "HTTP/1.1 200 OK"
2026-03-06 01:35:06,460 - httpx - INFO - HTTP Request: POST https://api.telegram.org/bot8204341583:AAFSPkKDrB6pbllz7CTKbRp7EVA9NbgfDJY/getUpdates "HTTP/1.1 200 OK"
2026-03-06 01:35:16,598 - httpx - INFO - HTTP Request: POST https://api.telegram.org/bot8204341583:AAFSPkKDrB6pbllz7CTKbRp7EVA9NbgfDJY/getUpdates "HTTP/1.1 200 OK"
2026-03-06 01:35:26,735 - httpx - INFO - HTTP Request: POST https://api.telegram.org/bot8204341583:AAFSPkKDrB6pbllz7CTKbRp7EVA9NbgfDJY/getUpdates "HTTP/1.1 200 OK"
2026-03-06 01:35:36,874 - httpx - INFO - HTTP Request: POST https://api.telegram.org/bot8204341583:AAFSPkKDrB6pbllz7CTKbRp7EVA9NbgfDJY/getUpdates "HTTP/1.1 200 OK"
2026-03-06 01:35:47,011 - httpx - INFO - HTTP Request: POST https://api.telegram.org/bot8204341583:AAFSPkKDrB6pbllz7CTKbRp7EVA9NbgfDJY/getUpdates "HTTP/1.1 200 OK"
2026-03-06 01:35:57,094 - httpx - INFO - HTTP Request: POST https://api.telegram.org/bot8204341583:AAFSPkKDrB6pbllz7CTKbRp7EVA9NbgfDJY/getUpdates "HTTP/1.1 200 OK"
2026-03-06 01:36:07,137 - httpx - INFO - HTTP Request: POST https://api.telegram.org/bot8204341583:AAFSPkKDrB6pbllz7CTKbRp7EVA9NbgfDJY/getUpdates "HTTP/1.1 200 OK"
2026-03-06 01:36:17,180 - httpx - INFO - HTTP Request: POST https://api.telegram.org/bot8204341583:AAFSPkKDrB6pbllz7CTKbRp7EVA9NbgfDJY/getUpdates "HTTP/1.1 200 OK"
2026-03-06 01:36:27,222 - httpx - INFO - HTTP Request: POST https://api.telegram.org/bot8204341583:AAFSPkKDrB6pbllz7CTKbRp7EVA9NbgfDJY/getUpdates "HTTP/1.1 200 OK"
2026-03-06 01:36:37,271 - httpx - INFO - HTTP Request: POST https://api.telegram.org/bot8204341583:AAFSPkKDrB6pbllz7CTKbRp7EVA9NbgfDJY/getUpdates "HTTP/1.1 200 OK"
2026-03-06 01:36:47,327 - httpx - INFO - HTTP Request: POST https://api.telegram.org/bot8204341583:AAFSPkKDrB6pbllz7CTKbRp7EVA9NbgfDJY/getUpdates "HTTP/1.1 200 OK"
2026-03-06 01:36:57,387 - httpx - INFO - HTTP Request: POST https://api.telegram.org/bot8204341583:AAFSPkKDrB6pbllz7CTKbRp7EVA9NbgfDJY/getUpdates "HTTP/1.1 200 OK"
2026-03-06 01:37:07,430 - httpx - INFO - HTTP Request: POST https://api.telegram.org/bot8204341583:AAFSPkKDrB6pbllz7CTKbRp7EVA9NbgfDJY/getUpdates "HTTP/1.1 200 OK"
2026-03-06 01:37:17,533 - httpx - INFO - HTTP Request: POST https://api.telegram.org/bot8204341583:AAFSPkKDrB6pbllz7CTKbRp7EVA9NbgfDJY/getUpdates "HTTP/1.1 200 OK"
2026-03-06 01:37:27,670 - httpx - INFO - HTTP Request: POST https://api.telegram.org/bot8204341583:AAFSPkKDrB6pbllz7CTKbRp7EVA9NbgfDJY/getUpdates "HTTP/1.1 200 OK"
2026-03-06 01:37:37,808 - httpx - INFO - HTTP Request: POST https://api.telegram.org/bot8204341583:AAFSPkKDrB6pbllz7CTKbRp7EVA9NbgfDJY/getUpdates "HTTP/1.1 200 OK"
2026-03-06 01:37:47,946 - httpx - INFO - HTTP Request: POST https://api.telegram.org/bot8204341583:AAFSPkKDrB6pbllz7CTKbRp7EVA9NbgfDJY/getUpdates "HTTP/1.1 200 OK"
2026-03-06 01:37:58,052 - httpx - INFO - HTTP Request: POST https://api.telegram.org/bot8204341583:AAFSPkKDrB6pbllz7CTKbRp7EVA9NbgfDJY/getUpdates "HTTP/1.1 200 OK"
2026-03-06 01:38:08,167 - httpx - INFO - HTTP Request: POST https://api.telegram.org/bot8204341583:AAFSPkKDrB6pbllz7CTKbRp7EVA9NbgfDJY/getUpdates "HTTP/1.1 200 OK"
2026-03-06 01:38:18,257 - httpx - INFO - HTTP Request: POST https://api.telegram.org/bot8204341583:AAFSPkKDrB6pbllz7CTKbRp7EVA9NbgfDJY/getUpdates "HTTP/1.1 200 OK"
2026-03-06 01:38:28,393 - httpx - INFO - HTTP Request: POST https://api.telegram.org/bot8204341583:AAFSPkKDrB6pbllz7CTKbRp7EVA9NbgfDJY/getUpdates "HTTP/1.1 200 OK"
2026-03-06 01:38:38,634 - httpx - INFO - HTTP Request: POST https://api.telegram.org/bot8204341583:AAFSPkKDrB6pbllz7CTKbRp7EVA9NbgfDJY/getUpdates "HTTP/1.1 200 OK"
2026-03-06 01:38:48,772 - httpx - INFO - HTTP Request: POST https://api.telegram.org/bot8204341583:AAFSPkKDrB6pbllz7CTKbRp7EVA9NbgfDJY/getUpdates "HTTP/1.1 200 OK"
2026-03-06 01:38:58,844 - httpx - INFO - HTTP Request: POST https://api.telegram.org/bot8204341583:AAFSPkKDrB6pbllz7CTKbRp7EVA9NbgfDJY/getUpdates "HTTP/1.1 200 OK"
2026-03-06 01:39:09,047 - httpx - INFO - HTTP Request: POST https://api.telegram.org/bot8204341583:AAFSPkKDrB6pbllz7CTKbRp7EVA9NbgfDJY/getUpdates "HTTP/1.1 200 OK"
2026-03-06 01:39:19,184 - httpx - INFO - HTTP Request: POST https://api.telegram.org/bot8204341583:AAFSPkKDrB6pbllz7CTKbRp7EVA9NbgfDJY/getUpdates "HTTP/1.1 200 OK"
2026-03-06 01:39:29,322 - httpx - INFO - HTTP Request: POST https://api.telegram.org/bot8204341583:AAFSPkKDrB6pbllz7CTKbRp7EVA9NbgfDJY/getUpdates "HTTP/1.1 200 OK"
2026-03-06 01:39:39,392 - httpx - INFO - HTTP Request: POST https://api.telegram.org/bot8204341583:AAFSPkKDrB6pbllz7CTKbRp7EVA9NbgfDJY/getUpdates "HTTP/1.1 200 OK"
2026-03-06 01:39:49,495 - httpx - INFO - HTTP Request: POST https://api.telegram.org/bot8204341583:AAFSPkKDrB6pbllz7CTKbRp7EVA9NbgfDJY/getUpdates "HTTP/1.1 200 OK"
2026-03-06 01:39:59,632 - httpx - INFO - HTTP Request: POST https://api.telegram.org/bot8204341583:AAFSPkKDrB6pbllz7CTKbRp7EVA9NbgfDJY/getUpdates "HTTP/1.1 200 OK"
2026-03-06 01:40:09,873 - httpx - INFO - HTTP Request: POST https://api.telegram.org/bot8204341583:AAFSPkKDrB6pbllz7CTKbRp7EVA9NbgfDJY/getUpdates "HTTP/1.1 200 OK"
2026-03-06 01:40:20,011 - httpx - INFO - HTTP Request: POST https://api.telegram.org/bot8204341583:AAFSPkKDrB6pbllz7CTKbRp7EVA9NbgfDJY/getUpdates "HTTP/1.1 200 OK"
2026-03-06 01:40:30,146 - httpx - INFO - HTTP Request: POST https://api.telegram.org/bot8204341583:AAFSPkKDrB6pbllz7CTKbRp7EVA9NbgfDJY/getUpdates "HTTP/1.1 200 OK"
2026-03-06 01:40:40,284 - httpx - INFO - HTTP Request: POST https://api.telegram.org/bot8204341583:AAFSPkKDrB6pbllz7CTKbRp7EVA9NbgfDJY/getUpdates "HTTP/1.1 200 OK"
2026-03-06 01:40:50,422 - httpx - INFO - HTTP Request: POST https://api.telegram.org/bot8204341583:AAFSPkKDrB6pbllz7CTKbRp7EVA9NbgfDJY/getUpdates "HTTP/1.1 200 OK"
2026-03-06 01:41:00,559 - httpx - INFO - HTTP Request: POST https://api.telegram.org/bot8204341583:AAFSPkKDrB6pbllz7CTKbRp7EVA9NbgfDJY/getUpdates "HTTP/1.1 200 OK"
2026-03-06 01:41:10,697 - httpx - INFO - HTTP Request: POST https://api.telegram.org/bot8204341583:AAFSPkKDrB6pbllz7CTKbRp7EVA9NbgfDJY/getUpdates "HTTP/1.1 200 OK"
2026-03-06 01:41:20,835 - httpx - INFO - HTTP Request: POST https://api.telegram.org/bot8204341583:AAFSPkKDrB6pbllz7CTKbRp7EVA9NbgfDJY/getUpdates "HTTP/1.1 200 OK"
2026-03-06 01:41:30,974 - httpx - INFO - HTTP Request: POST https://api.telegram.org/bot8204341583:AAFSPkKDrB6pbllz7CTKbRp7EVA9NbgfDJY/getUpdates "HTTP/1.1 200 OK"
2026-03-06 01:41:41,111 - httpx - INFO - HTTP Request: POST https://api.telegram.org/bot8204341583:AAFSPkKDrB6pbllz7CTKbRp7EVA9NbgfDJY/getUpdates "HTTP/1.1 200 OK"
2026-03-06 01:41:51,153 - httpx - INFO - HTTP Request: POST https://api.telegram.org/bot8204341583:AAFSPkKDrB6pbllz7CTKbRp7EVA9NbgfDJY/getUpdates "HTTP/1.1 200 OK"
2026-03-06 01:42:01,192 - httpx - INFO - HTTP Request: POST https://api.telegram.org/bot8204341583:AAFSPkKDrB6pbllz7CTKbRp7EVA9NbgfDJY/getUpdates "HTTP/1.1 200 OK"
2026-03-06 01:42:11,321 - httpx - INFO - HTTP Request: POST https://api.telegram.org/bot8204341583:AAFSPkKDrB6pbllz7CTKbRp7EVA9NbgfDJY/getUpdates "HTTP/1.1 200 OK"
2026-03-06 01:42:21,457 - httpx - INFO - HTTP Request: POST https://api.telegram.org/bot8204341583:AAFSPkKDrB6pbllz7CTKbRp7EVA9NbgfDJY/getUpdates "HTTP/1.1 200 OK"
2026-03-06 01:42:31,595 - httpx - INFO - HTTP Request: POST https://api.telegram.org/bot8204341583:AAFSPkKDrB6pbllz7CTKbRp7EVA9NbgfDJY/getUpdates "HTTP/1.1 200 OK"
2026-03-06 01:42:41,634 - httpx - INFO - HTTP Request: POST https://api.telegram.org/bot8204341583:AAFSPkKDrB6pbllz7CTKbRp7EVA9NbgfDJY/getUpdates "HTTP/1.1 200 OK"
2026-03-06 01:42:51,675 - httpx - INFO - HTTP Request: POST https://api.telegram.org/bot8204341583:AAFSPkKDrB6pbllz7CTKbRp7EVA9NbgfDJY/getUpdates "HTTP/1.1 200 OK"
2026-03-06 01:43:01,769 - httpx - INFO - HTTP Request: POST https://api.telegram.org/bot8204341583:AAFSPkKDrB6pbllz7CTKbRp7EVA9NbgfDJY/getUpdates "HTTP/1.1 200 OK"
2026-03-06 01:43:11,837 - httpx - INFO - HTTP Request: POST https://api.telegram.org/bot8204341583:AAFSPkKDrB6pbllz7CTKbRp7EVA9NbgfDJY/getUpdates "HTTP/1.1 200 OK"
2026-03-06 01:43:21,976 - httpx - INFO - HTTP Request: POST https://api.telegram.org/bot8204341583:AAFSPkKDrB6pbllz7CTKbRp7EVA9NbgfDJY/getUpdates "HTTP/1.1 200 OK"
2026-03-06 01:43:32,216 - httpx - INFO - HTTP Request: POST https://api.telegram.org/bot8204341583:AAFSPkKDrB6pbllz7CTKbRp7EVA9NbgfDJY/getUpdates "HTTP/1.1 200 OK"
2026-03-06 01:43:42,260 - httpx - INFO - HTTP Request: POST https://api.telegram.org/bot8204341583:AAFSPkKDrB6pbllz7CTKbRp7EVA9NbgfDJY/getUpdates "HTTP/1.1 200 OK"
2026-03-06 01:43:52,319 - httpx - INFO - HTTP Request: POST https://api.telegram.org/bot8204341583:AAFSPkKDrB6pbllz7CTKbRp7EVA9NbgfDJY/getUpdates "HTTP/1.1 200 OK"
2026-03-06 01:44:02,360 - httpx - INFO - HTTP Request: POST https://api.telegram.org/bot8204341583:AAFSPkKDrB6pbllz7CTKbRp7EVA9NbgfDJY/getUpdates "HTTP/1.1 200 OK"
2026-03-06 01:44:12,459 - httpx - INFO - HTTP Request: POST https://api.telegram.org/bot8204341583:AAFSPkKDrB6pbllz7CTKbRp7EVA9NbgfDJY/getUpdates "HTTP/1.1 200 OK"
2026-03-06 01:44:22,597 - httpx - INFO - HTTP Request: POST https://api.telegram.org/bot8204341583:AAFSPkKDrB6pbllz7CTKbRp7EVA9NbgfDJY/getUpdates "HTTP/1.1 200 OK"
2026-03-06 01:44:32,735 - httpx - INFO - HTTP Request: POST https://api.telegram.org/bot8204341583:AAFSPkKDrB6pbllz7CTKbRp7EVA9NbgfDJY/getUpdates "HTTP/1.1 200 OK"
2026-03-06 01:44:42,975 - httpx - INFO - HTTP Request: POST https://api.telegram.org/bot8204341583:AAFSPkKDrB6pbllz7CTKbRp7EVA9NbgfDJY/getUpdates "HTTP/1.1 200 OK"
2026-03-06 01:44:53,112 - httpx - INFO - HTTP Request: POST https://api.telegram.org/bot8204341583:AAFSPkKDrB6pbllz7CTKbRp7EVA9NbgfDJY/getUpdates "HTTP/1.1 200 OK"
2026-03-06 01:45:03,249 - httpx - INFO - HTTP Request: POST https://api.telegram.org/bot8204341583:AAFSPkKDrB6pbllz7CTKbRp7EVA9NbgfDJY/getUpdates "HTTP/1.1 200 OK"
2026-03-06 01:45:13,388 - httpx - INFO - HTTP Request: POST https://api.telegram.org/bot8204341583:AAFSPkKDrB6pbllz7CTKbRp7EVA9NbgfDJY/getUpdates "HTTP/1.1 200 OK"
2026-03-06 01:45:23,433 - httpx - INFO - HTTP Request: POST https://api.telegram.org/bot8204341583:AAFSPkKDrB6pbllz7CTKbRp7EVA9NbgfDJY/getUpdates "HTTP/1.1 200 OK"
2026-03-06 01:45:33,560 - httpx - INFO - HTTP Request: POST https://api.telegram.org/bot8204341583:AAFSPkKDrB6pbllz7CTKbRp7EVA9NbgfDJY/getUpdates "HTTP/1.1 200 OK"
2026-03-06 01:45:43,801 - httpx - INFO - HTTP Request: POST https://api.telegram.org/bot8204341583:AAFSPkKDrB6pbllz7CTKbRp7EVA9NbgfDJY/getUpdates "HTTP/1.1 200 OK"
2026-03-06 01:45:53,841 - httpx - INFO - HTTP Request: POST https://api.telegram.org/bot8204341583:AAFSPkKDrB6pbllz7CTKbRp7EVA9NbgfDJY/getUpdates "HTTP/1.1 200 OK"
2026-03-06 01:46:03,973 - httpx - INFO - HTTP Request: POST https://api.telegram.org/bot8204341583:AAFSPkKDrB6pbllz7CTKbRp7EVA9NbgfDJY/getUpdates "HTTP/1.1 200 OK"
2026-03-06 01:46:14,212 - httpx - INFO - HTTP Request: POST https://api.telegram.org/bot8204341583:AAFSPkKDrB6pbllz7CTKbRp7EVA9NbgfDJY/getUpdates "HTTP/1.1 200 OK"
2026-03-06 01:46:24,257 - httpx - INFO - HTTP Request: POST https://api.telegram.org/bot8204341583:AAFSPkKDrB6pbllz7CTKbRp7EVA9NbgfDJY/getUpdates "HTTP/1.1 200 OK"
2026-03-06 01:46:34,296 - httpx - INFO - HTTP Request: POST https://api.telegram.org/bot8204341583:AAFSPkKDrB6pbllz7CTKbRp7EVA9NbgfDJY/getUpdates "HTTP/1.1 200 OK"
2026-03-06 01:46:44,420 - httpx - INFO - HTTP Request: POST https://api.telegram.org/bot8204341583:AAFSPkKDrB6pbllz7CTKbRp7EVA9NbgfDJY/getUpdates "HTTP/1.1 200 OK"
2026-03-06 01:46:54,460 - httpx - INFO - HTTP Request: POST https://api.telegram.org/bot8204341583:AAFSPkKDrB6pbllz7CTKbRp7EVA9NbgfDJY/getUpdates "HTTP/1.1 200 OK"
2026-03-06 01:47:04,594 - httpx - INFO - HTTP Request: POST https://api.telegram.org/bot8204341583:AAFSPkKDrB6pbllz7CTKbRp7EVA9NbgfDJY/getUpdates "HTTP/1.1 200 OK"
2026-03-06 01:47:14,732 - httpx - INFO - HTTP Request: POST https://api.telegram.org/bot8204341583:AAFSPkKDrB6pbllz7CTKbRp7EVA9NbgfDJY/getUpdates "HTTP/1.1 200 OK"
2026-03-06 01:47:24,773 - httpx - INFO - HTTP Request: POST https://api.telegram.org/bot8204341583:AAFSPkKDrB6pbllz7CTKbRp7EVA9NbgfDJY/getUpdates "HTTP/1.1 200 OK"
2026-03-06 01:47:35,007 - httpx - INFO - HTTP Request: POST https://api.telegram.org/bot8204341583:AAFSPkKDrB6pbllz7CTKbRp7EVA9NbgfDJY/getUpdates "HTTP/1.1 200 OK"
2026-03-06 01:47:45,145 - httpx - INFO - HTTP Request: POST https://api.telegram.org/bot8204341583:AAFSPkKDrB6pbllz7CTKbRp7EVA9NbgfDJY/getUpdates "HTTP/1.1 200 OK"
2026-03-06 01:47:55,187 - httpx - INFO - HTTP Request: POST https://api.telegram.org/bot8204341583:AAFSPkKDrB6pbllz7CTKbRp7EVA9NbgfDJY/getUpdates "HTTP/1.1 200 OK"
2026-03-06 01:48:05,420 - httpx - INFO - HTTP Request: POST https://api.telegram.org/bot8204341583:AAFSPkKDrB6pbllz7CTKbRp7EVA9NbgfDJY/getUpdates "HTTP/1.1 200 OK"
2026-03-06 01:48:15,557 - httpx - INFO - HTTP Request: POST https://api.telegram.org/bot8204341583:AAFSPkKDrB6pbllz7CTKbRp7EVA9NbgfDJY/getUpdates "HTTP/1.1 200 OK"
2026-03-06 01:48:25,798 - httpx - INFO - HTTP Request: POST https://api.telegram.org/bot8204341583:AAFSPkKDrB6pbllz7CTKbRp7EVA9NbgfDJY/getUpdates "HTTP/1.1 200 OK"
2026-03-06 01:48:35,941 - httpx - INFO - HTTP Request: POST https://api.telegram.org/bot8204341583:AAFSPkKDrB6pbllz7CTKbRp7EVA9NbgfDJY/getUpdates "HTTP/1.1 200 OK"
2026-03-06 01:48:45,986 - httpx - INFO - HTTP Request: POST https://api.telegram.org/bot8204341583:AAFSPkKDrB6pbllz7CTKbRp7EVA9NbgfDJY/getUpdates "HTTP/1.1 200 OK"
2026-03-06 01:48:56,031 - httpx - INFO - HTTP Request: POST https://api.telegram.org/bot8204341583:AAFSPkKDrB6pbllz7CTKbRp7EVA9NbgfDJY/getUpdates "HTTP/1.1 200 OK"
2026-03-06 01:49:01,922 - telegram.ext.Updater - ERROR - Error while calling `get_updates` one more time to mark all fetched updates as read: %s. Suppressing error to ensure graceful shutdown. When polling for updates is restarted, updates may be fetched again. Please adjust timeouts via `ApplicationBuilder` or the parameter `get_updates_request` of `Bot`.
Traceback (most recent call last):
  File "/Users/alex/Library/Python/3.9/lib/python/site-packages/httpx/_transports/default.py", line 101, in map_httpcore_exceptions
    yield
  File "/Users/alex/Library/Python/3.9/lib/python/site-packages/httpx/_transports/default.py", line 394, in handle_async_request
    resp = await self._pool.handle_async_request(req)
  File "/Users/alex/Library/Python/3.9/lib/python/site-packages/httpcore/_async/connection_pool.py", line 256, in handle_async_request
    raise exc from None
  File "/Users/alex/Library/Python/3.9/lib/python/site-packages/httpcore/_async/connection_pool.py", line 236, in handle_async_request
    response = await connection.handle_async_request(
  File "/Users/alex/Library/Python/3.9/lib/python/site-packages/httpcore/_async/connection.py", line 101, in handle_async_request
    raise exc
  File "/Users/alex/Library/Python/3.9/lib/python/site-packages/httpcore/_async/connection.py", line 78, in handle_async_request
    stream = await self._connect(request)
  File "/Users/alex/Library/Python/3.9/lib/python/site-packages/httpcore/_async/connection.py", line 124, in _connect
    stream = await self._network_backend.connect_tcp(**kwargs)
  File "/Users/alex/Library/Python/3.9/lib/python/site-packages/httpcore/_backends/auto.py", line 31, in connect_tcp
    return await self._backend.connect_tcp(
  File "/Users/alex/Library/Python/3.9/lib/python/site-packages/httpcore/_backends/anyio.py", line 122, in connect_tcp
    stream._raw_socket.setsockopt(*option)  # type: ignore[attr-defined] # pragma: no cover
  File "/Applications/Xcode.app/Contents/Developer/Library/Frameworks/Python3.framework/Versions/3.9/lib/python3.9/contextlib.py", line 135, in __exit__
    self.gen.throw(type, value, traceback)
  File "/Users/alex/Library/Python/3.9/lib/python/site-packages/httpcore/_exceptions.py", line 14, in map_exceptions
    raise to_exc(exc) from exc
httpcore.ConnectError: [Errno 8] nodename nor servname provided, or not known

The above exception was the direct cause of the following exception:

Traceback (most recent call last):
  File "/Users/alex/Library/Python/3.9/lib/python/site-packages/telegram/request/_httpxrequest.py", line 279, in do_request
    res = await self._client.request(
  File "/Users/alex/Library/Python/3.9/lib/python/site-packages/httpx/_client.py", line 1540, in request
    return await self.send(request, auth=auth, follow_redirects=follow_redirects)
  File "/Users/alex/Library/Python/3.9/lib/python/site-packages/httpx/_client.py", line 1629, in send
    response = await self._send_handling_auth(
  File "/Users/alex/Library/Python/3.9/lib/python/site-packages/httpx/_client.py", line 1657, in _send_handling_auth
    response = await self._send_handling_redirects(
  File "/Users/alex/Library/Python/3.9/lib/python/site-packages/httpx/_client.py", line 1694, in _send_handling_redirects
    response = await self._send_single_request(request)
  File "/Users/alex/Library/Python/3.9/lib/python/site-packages/httpx/_client.py", line 1730, in _send_single_request
    response = await transport.handle_async_request(request)
  File "/Users/alex/Library/Python/3.9/lib/python/site-packages/httpx/_transports/default.py", line 394, in handle_async_request
    resp = await self._pool.handle_async_request(req)
  File "/Applications/Xcode.app/Contents/Developer/Library/Frameworks/Python3.framework/Versions/3.9/lib/python3.9/contextlib.py", line 135, in __exit__
    self.gen.throw(type, value, traceback)
  File "/Users/alex/Library/Python/3.9/lib/python/site-packages/httpx/_transports/default.py", line 118, in map_httpcore_exceptions
    raise mapped_exc(message) from exc
httpx.ConnectError: [Errno 8] nodename nor servname provided, or not known

The above exception was the direct cause of the following exception:

Traceback (most recent call last):
  File "/Users/alex/Library/Python/3.9/lib/python/site-packages/telegram/ext/_updater.py", line 400, in _get_updates_cleanup
    await self.bot.get_updates(
  File "/Users/alex/Library/Python/3.9/lib/python/site-packages/telegram/ext/_extbot.py", line 676, in get_updates
    updates = await super().get_updates(
  File "/Users/alex/Library/Python/3.9/lib/python/site-packages/telegram/_bot.py", line 4780, in get_updates
    await self._post(
  File "/Users/alex/Library/Python/3.9/lib/python/site-packages/telegram/_bot.py", line 703, in _post
    return await self._do_post(
  File "/Users/alex/Library/Python/3.9/lib/python/site-packages/telegram/ext/_extbot.py", line 372, in _do_post
    return await super()._do_post(
  File "/Users/alex/Library/Python/3.9/lib/python/site-packages/telegram/_bot.py", line 732, in _do_post
    result = await request.post(
  File "/Users/alex/Library/Python/3.9/lib/python/site-packages/telegram/request/_baserequest.py", line 198, in post
    result = await self._request_wrapper(
  File "/Users/alex/Library/Python/3.9/lib/python/site-packages/telegram/request/_baserequest.py", line 305, in _request_wrapper
    code, payload = await self.do_request(
  File "/Users/alex/Library/Python/3.9/lib/python/site-packages/telegram/request/_httpxrequest.py", line 303, in do_request
    raise NetworkError(f"httpx.{err.__class__.__name__}: {err}") from err
telegram.error.NetworkError: httpx.ConnectError: [Errno 8] nodename nor servname provided, or not known
2026-03-06 01:49:02,077 - telegram.ext.Application - INFO - Application is stopping. This might take a moment.
2026-03-06 01:49:02,080 - telegram.ext.Application - INFO - Application.stop() complete
